2025-12-23 22:32:54,694 [INFO] Activator:176 - 


2025-12-23 22:32:54,696 [INFO] Activator:177 - !SESSION log4j initialized
2025-12-23 22:32:56,234 [ERROR] LogOutputStream:75 - [STDERR_REDIRECT] 
2025-12-23 22:32:57,835 [INFO] LogOutputStream:77 - [STDOUT_REDIRECT] 
2025-12-23 22:32:59,443 [INFO] ApplicationProperties:184 - Using Application install path: /Applications/STM32CubeIDE.app/Contents/Eclipse/plugins/com.st.stm32cube.common.mx_6.15.0.202507011659
2025-12-23 22:32:59,455 [INFO] DbMcusXml:78 - Set database path to: /Applications/STM32CubeIDE.app/Contents/Eclipse/plugins/com.st.stm32cube.common.mx_6.15.0.202507011659//db//mcu/
2025-12-23 22:32:59,455 [INFO] ApiDb:274 - Set plugin database path to: /Applications/STM32CubeIDE.app/Contents/Eclipse/plugins/com.st.stm32cube.common.mx_6.15.0.202507011659//db//plugins/boardmanager/
2025-12-23 22:32:59,456 [WARN] ApiDb:259 - Overriding images path with different value:  => /Applications/STM32CubeIDE.app/Contents/Eclipse/plugins/com.st.stm32cube.common.mx_6.15.0.202507011659//db//plugins/mcufinder/images/
2025-12-23 22:32:59,459 [INFO] ApiDb:250 - Set database path to: /Users/krisko/.stmcufinder/plugins/mcufinder//mcu/
2025-12-23 22:32:59,460 [INFO] DbMcusAds:125 - Set database path to: /Users/krisko/.stmcufinder/plugins/mcufinder//mcu/
2025-12-23 22:32:59,461 [INFO] CrossReferenceDbSqlite:203 - Set database path to: /Users/krisko/.stmcufinder/plugins/mcufinder//mcu/cs/
2025-12-23 22:32:59,574 [INFO] RulesReader:64 - Compatibility file has been processed (317 Rules)
2025-12-23 22:32:59,616 [INFO] DbMcusXml:78 - Set database path to: /Applications/STM32CubeIDE.app/Contents/Eclipse/plugins/com.st.stm32cube.common.mx_6.15.0.202507011659//db//mcu/
2025-12-23 22:32:59,616 [INFO] ApiDb:274 - Set plugin database path to: /Applications/STM32CubeIDE.app/Contents/Eclipse/plugins/com.st.stm32cube.common.mx_6.15.0.202507011659//db//plugins/boardmanager/
2025-12-23 22:32:59,616 [INFO] ApiDb:261 - Set plugin images path to: /Applications/STM32CubeIDE.app/Contents/Eclipse/plugins/com.st.stm32cube.common.mx_6.15.0.202507011659//db//plugins/mcufinder/images/
2025-12-23 22:32:59,617 [WARN] DbFile:41 - Overriding database path with different value: /Users/krisko/.stmcufinder/plugins/mcufinder/ => /Users/krisko/.stmcufinder/plugins/mcufinder
2025-12-23 22:32:59,617 [INFO] ApiDb:250 - Set database path to: /Users/krisko/.stmcufinder/plugins/mcufinder//mcu/
2025-12-23 22:32:59,617 [WARN] DbFile:41 - Overriding database path with different value: /Users/krisko/.stmcufinder/plugins/mcufinder/ => /Users/krisko/.stmcufinder/plugins/mcufinder
2025-12-23 22:32:59,617 [INFO] DbMcusAds:125 - Set database path to: /Users/krisko/.stmcufinder/plugins/mcufinder//mcu/
2025-12-23 22:32:59,617 [WARN] DbFile:41 - Overriding database path with different value: /Users/krisko/.stmcufinder/plugins/mcufinder/ => /Users/krisko/.stmcufinder/plugins/mcufinder
2025-12-23 22:32:59,617 [WARN] DbFile:41 - Overriding database path with different value: /Users/krisko/.stmcufinder/plugins/mcufinder/ => /Users/krisko/.stmcufinder/plugins/mcufinder
2025-12-23 22:32:59,617 [INFO] CrossReferenceDbSqlite:203 - Set database path to: /Users/krisko/.stmcufinder/plugins/mcufinder//mcu/cs/
2025-12-23 22:32:59,701 [INFO] MainPanel:274 - HeapMemory: 293601280
2025-12-23 22:32:59,961 [INFO] DbMcusXml:78 - Set database path to: /Applications/STM32CubeIDE.app/Contents/Eclipse/plugins/com.st.stm32cube.common.mx_6.15.0.202507011659//db//mcu/
2025-12-23 22:32:59,961 [INFO] ApiDb:274 - Set plugin database path to: /Applications/STM32CubeIDE.app/Contents/Eclipse/plugins/com.st.stm32cube.common.mx_6.15.0.202507011659//db//plugins/boardmanager/
2025-12-23 22:32:59,962 [INFO] ApiDb:261 - Set plugin images path to: /Applications/STM32CubeIDE.app/Contents/Eclipse/plugins/com.st.stm32cube.common.mx_6.15.0.202507011659//db//plugins/mcufinder/images/
2025-12-23 22:32:59,962 [WARN] DbFile:41 - Overriding database path with different value: /Users/krisko/.stmcufinder/plugins/mcufinder/ => /Users/krisko/.stmcufinder/plugins/mcufinder
2025-12-23 22:32:59,962 [INFO] ApiDb:250 - Set database path to: /Users/krisko/.stmcufinder/plugins/mcufinder//mcu/
2025-12-23 22:32:59,962 [WARN] DbFile:41 - Overriding database path with different value: /Users/krisko/.stmcufinder/plugins/mcufinder/ => /Users/krisko/.stmcufinder/plugins/mcufinder
2025-12-23 22:32:59,962 [INFO] DbMcusAds:125 - Set database path to: /Users/krisko/.stmcufinder/plugins/mcufinder//mcu/
2025-12-23 22:32:59,962 [WARN] DbFile:41 - Overriding database path with different value: /Users/krisko/.stmcufinder/plugins/mcufinder/ => /Users/krisko/.stmcufinder/plugins/mcufinder
2025-12-23 22:32:59,962 [WARN] DbFile:41 - Overriding database path with different value: /Users/krisko/.stmcufinder/plugins/mcufinder/ => /Users/krisko/.stmcufinder/plugins/mcufinder
2025-12-23 22:32:59,962 [INFO] CrossReferenceDbSqlite:203 - Set database path to: /Users/krisko/.stmcufinder/plugins/mcufinder//mcu/cs/
2025-12-23 22:32:59,975 [INFO] ApplicationProperties:184 - Using Application install path: /Applications/STM32CubeIDE.app/Contents/Eclipse/plugins/com.st.stm32cube.common.mx_6.15.0.202507011659
2025-12-23 22:32:59,976 [INFO] PluginManage:196 - Search for loadable plugins [exclusion list=, ]
2025-12-23 22:32:59,977 [INFO] PluginManage:310 - Check plugin analytics
2025-12-23 22:33:00,193 [INFO] AnalyticsPlugin:253 - Accepted Software Licenses: 
2025-12-23 22:33:00,193 [INFO] AnalyticsPlugin:255 - Accepted CMSIS Pack Licenses: 
2025-12-23 22:33:00,193 [INFO] AnalyticsPlugin:257 - Accepted Firmware Licenses: FW.L5.1.5.0,FW.H7.1.12.0
2025-12-23 22:33:00,406 [INFO] PluginManage:359 - Loaded plugin analytics (category:tool,tabindex:-1)
2025-12-23 22:33:00,422 [INFO] PluginManage:310 - Check plugin cadmodel
2025-12-23 22:33:00,493 [INFO] CADModel:105 - Init CAD model plugin
2025-12-23 22:33:00,493 [INFO] PluginManage:359 - Loaded plugin cadmodel (category:power,tabindex:5)
2025-12-23 22:33:00,495 [INFO] PluginManage:310 - Check plugin clock
2025-12-23 22:33:00,509 [INFO] PluginManage:359 - Loaded plugin clock (category:base,tabindex:2)
2025-12-23 22:33:00,510 [INFO] PluginManage:310 - Check plugin ddr
2025-12-23 22:33:00,511 [INFO] PluginManage:359 - Loaded plugin ddr (category:tool,tabindex:6)
2025-12-23 22:33:00,511 [INFO] PluginManage:310 - Check plugin filemanager
2025-12-23 22:33:00,716 [INFO] PluginManage:359 - Loaded plugin filemanager (category:base,tabindex:10)
2025-12-23 22:33:00,717 [INFO] PluginManage:310 - Check plugin ipmanager
2025-12-23 22:33:00,725 [INFO] PluginManage:359 - Loaded plugin ipmanager (category:base,tabindex:5)
2025-12-23 22:33:00,726 [INFO] PluginManage:310 - Check plugin lpbam
2025-12-23 22:33:00,735 [INFO] PluginManage:359 - Loaded plugin lpbam (category:base,tabindex:0)
2025-12-23 22:33:00,736 [INFO] PluginManage:310 - Check plugin memorymap
2025-12-23 22:33:00,746 [INFO] PluginManage:359 - Loaded plugin memorymap (category:base,tabindex:4)
2025-12-23 22:33:00,746 [INFO] PluginManage:310 - Check plugin pinoutandconfiguration
2025-12-23 22:33:00,755 [INFO] PluginManage:359 - Loaded plugin pinoutandconfiguration (category:base,tabindex:1)
2025-12-23 22:33:00,755 [INFO] PluginManage:310 - Check plugin pinoutconfig
2025-12-23 22:33:00,829 [WARN] SupportedApi:132 - Cannot load RTOS API schema: s4s-elt-must-match.1: The content of 'definitions' must match (annotation?, (simpleType | complexType)?, (unique | key | keyref)*)). A problem was found starting at: attribute.
2025-12-23 22:33:01,043 [INFO] PluginManage:359 - Loaded plugin pinoutconfig (category:base,tabindex:0)
2025-12-23 22:33:01,043 [INFO] PluginManage:310 - Check plugin power
2025-12-23 22:33:01,055 [INFO] PluginManage:359 - Loaded plugin power (category:power,tabindex:4)
2025-12-23 22:33:01,055 [INFO] PluginManage:310 - Check plugin projectmanager
2025-12-23 22:33:01,129 [INFO] PluginManage:359 - Loaded plugin projectmanager (category:projectmanager,tabindex:4)
2025-12-23 22:33:01,131 [INFO] PluginManage:310 - Check plugin rif
2025-12-23 22:33:01,146 [INFO] PluginManage:359 - Loaded plugin rif (category:base,tabindex:3)
2025-12-23 22:33:01,148 [INFO] PluginManage:310 - Check plugin thirdparty
2025-12-23 22:33:01,432 [INFO] PluginManage:359 - Loaded plugin thirdparty (category:base,tabindex:-1)
2025-12-23 22:33:01,433 [INFO] PluginManage:310 - Check plugin tools
2025-12-23 22:33:01,432 [WARN] IntegrityCheckThread:84 - waiting for thirdparty lock release [integrity check]
2025-12-23 22:33:01,437 [INFO] IntegrityCheckThread:86 - entering critical section [integrity check]
2025-12-23 22:33:01,437 [INFO] PluginManage:359 - Loaded plugin tools (category:base,tabindex:7)
2025-12-23 22:33:01,437 [INFO] PluginManage:310 - Check plugin tutovideos
2025-12-23 22:33:01,439 [INFO] ThirdPartyUpdaterWithRetryManager:70 - Updater plugin not ready yet. [1/15]
2025-12-23 22:33:01,617 [INFO] PluginManage:359 - Loaded plugin tutovideos (category:base,tabindex:-1)
2025-12-23 22:33:01,618 [INFO] PluginManage:310 - Check plugin updater
2025-12-23 22:33:01,669 [INFO] PluginManage:359 - Loaded plugin updater (category:base,tabindex:12)
2025-12-23 22:33:01,670 [INFO] PluginManage:310 - Check plugin userauth
2025-12-23 22:33:01,675 [INFO] UserAuth:118 - Init User Auth plugin
2025-12-23 22:33:01,675 [INFO] PluginManage:359 - Loaded plugin userauth (category:base,tabindex:14)
2025-12-23 22:33:01,676 [INFO] PluginManage:283 - PluginManage : Loaded plugins [18]
2025-12-23 22:33:01,913 [INFO] PinOutPanel:1589 - setPackage(No Configuration,No Configuration)
2025-12-23 22:33:01,969 [INFO] CADModel:165 - CPN selected for project level
2025-12-23 22:33:01,969 [INFO] CADModel:114 - Register for checkConnection events
2025-12-23 22:33:01,976 [INFO] IPUIPlugin:80 - create IPUIPlugin
2025-12-23 22:33:01,976 [INFO] PluginManager:220 - loadIPPluginJar : add mdma
2025-12-23 22:33:01,980 [INFO] IPUIPlugin:80 - create IPUIPlugin
2025-12-23 22:33:01,980 [INFO] PluginManager:220 - loadIPPluginJar : add freertos
2025-12-23 22:33:01,982 [INFO] IPUIPlugin:80 - create IPUIPlugin
2025-12-23 22:33:01,983 [INFO] PluginManager:220 - loadIPPluginJar : add gic
2025-12-23 22:33:01,987 [INFO] IPUIPlugin:80 - create IPUIPlugin
2025-12-23 22:33:01,988 [INFO] PluginManager:220 - loadIPPluginJar : add adc
2025-12-23 22:33:01,989 [INFO] IPUIPlugin:80 - create IPUIPlugin
2025-12-23 22:33:01,989 [INFO] PluginManager:220 - loadIPPluginJar : add gtzc
2025-12-23 22:33:01,989 [INFO] IPUIPlugin:80 - create IPUIPlugin
2025-12-23 22:33:01,989 [INFO] PluginManager:220 - loadIPPluginJar : add quadspi
2025-12-23 22:33:01,990 [INFO] IPUIPlugin:80 - create IPUIPlugin
2025-12-23 22:33:01,990 [INFO] PluginManager:220 - loadIPPluginJar : add aes
2025-12-23 22:33:01,991 [INFO] IPUIPlugin:80 - create IPUIPlugin
2025-12-23 22:33:01,991 [INFO] PluginManager:220 - loadIPPluginJar : add pdm2pcm
2025-12-23 22:33:01,992 [INFO] IPUIPlugin:80 - create IPUIPlugin
2025-12-23 22:33:01,992 [INFO] PluginManager:220 - loadIPPluginJar : add hash
2025-12-23 22:33:01,992 [INFO] IPUIPlugin:80 - create IPUIPlugin
2025-12-23 22:33:01,992 [INFO] PluginManager:220 - loadIPPluginJar : add tim
2025-12-23 22:33:01,993 [INFO] IPUIPlugin:80 - create IPUIPlugin
2025-12-23 22:33:01,993 [INFO] PluginManager:220 - loadIPPluginJar : add tsc
2025-12-23 22:33:01,994 [INFO] IPUIPlugin:80 - create IPUIPlugin
2025-12-23 22:33:01,994 [INFO] PluginManager:220 - loadIPPluginJar : add extmemmanager
2025-12-23 22:33:01,995 [INFO] IPUIPlugin:80 - create IPUIPlugin
2025-12-23 22:33:01,995 [INFO] PluginManager:220 - loadIPPluginJar : add ts
2025-12-23 22:33:01,996 [INFO] IPUIPlugin:80 - create IPUIPlugin
2025-12-23 22:33:01,996 [INFO] PluginManager:220 - loadIPPluginJar : add radio
2025-12-23 22:33:01,997 [INFO] IPUIPlugin:80 - create IPUIPlugin
2025-12-23 22:33:01,997 [INFO] PluginManager:220 - loadIPPluginJar : add can
2025-12-23 22:33:01,998 [INFO] IPUIPlugin:80 - create IPUIPlugin
2025-12-23 22:33:01,998 [INFO] PluginManager:220 - loadIPPluginJar : add dma3
2025-12-23 22:33:01,999 [INFO] IPUIPlugin:80 - create IPUIPlugin
2025-12-23 22:33:01,999 [INFO] PluginManager:220 - loadIPPluginJar : add dfsdm
2025-12-23 22:33:01,999 [INFO] IPUIPlugin:80 - create IPUIPlugin
2025-12-23 22:33:02,000 [INFO] PluginManager:220 - loadIPPluginJar : add spi
2025-12-23 22:33:02,000 [INFO] IPUIPlugin:80 - create IPUIPlugin
2025-12-23 22:33:02,000 [INFO] PluginManager:220 - loadIPPluginJar : add gfxmmu
2025-12-23 22:33:02,001 [INFO] IPUIPlugin:80 - create IPUIPlugin
2025-12-23 22:33:02,001 [INFO] PluginManager:220 - loadIPPluginJar : add genericplugin
2025-12-23 22:33:02,002 [INFO] IPUIPlugin:80 - create IPUIPlugin
2025-12-23 22:33:02,002 [INFO] PluginManager:220 - loadIPPluginJar : add cryp
2025-12-23 22:33:02,004 [INFO] IPUIPlugin:80 - create IPUIPlugin
2025-12-23 22:33:02,004 [INFO] PluginManager:220 - loadIPPluginJar : add gpio
2025-12-23 22:33:02,005 [INFO] IPUIPlugin:80 - create IPUIPlugin
2025-12-23 22:33:02,006 [INFO] PluginManager:220 - loadIPPluginJar : add ddr_ctrl_phy
2025-12-23 22:33:02,007 [INFO] IPUIPlugin:80 - create IPUIPlugin
2025-12-23 22:33:02,007 [INFO] PluginManager:220 - loadIPPluginJar : add comp
2025-12-23 22:33:02,008 [INFO] IPUIPlugin:80 - create IPUIPlugin
2025-12-23 22:33:02,009 [INFO] PluginManager:220 - loadIPPluginJar : add tracer_emb
2025-12-23 22:33:02,010 [INFO] IPUIPlugin:80 - create IPUIPlugin
2025-12-23 22:33:02,010 [INFO] PluginManager:220 - loadIPPluginJar : add openamp
2025-12-23 22:33:02,012 [INFO] IPUIPlugin:80 - create IPUIPlugin
2025-12-23 22:33:02,012 [INFO] PluginManager:220 - loadIPPluginJar : add stm32_wpan
2025-12-23 22:33:02,015 [INFO] IPUIPlugin:80 - create IPUIPlugin
2025-12-23 22:33:02,017 [INFO] PluginManager:220 - loadIPPluginJar : add plateformsettings
2025-12-23 22:33:02,018 [INFO] IPUIPlugin:80 - create IPUIPlugin
2025-12-23 22:33:02,018 [INFO] PluginManager:220 - loadIPPluginJar : add ipddr
2025-12-23 22:33:02,019 [INFO] IPUIPlugin:80 - create IPUIPlugin
2025-12-23 22:33:02,019 [INFO] PluginManager:220 - loadIPPluginJar : add usart
2025-12-23 22:33:02,020 [INFO] IPUIPlugin:80 - create IPUIPlugin
2025-12-23 22:33:02,020 [INFO] PluginManager:220 - loadIPPluginJar : add ltdc
2025-12-23 22:33:02,021 [INFO] IPUIPlugin:80 - create IPUIPlugin
2025-12-23 22:33:02,022 [INFO] PluginManager:220 - loadIPPluginJar : add nvic
2025-12-23 22:33:02,022 [INFO] IPUIPlugin:80 - create IPUIPlugin
2025-12-23 22:33:02,022 [INFO] PluginManager:220 - loadIPPluginJar : add fatfs
2025-12-23 22:33:02,025 [INFO] IPUIPlugin:80 - create IPUIPlugin
2025-12-23 22:33:02,025 [INFO] PluginManager:220 - loadIPPluginJar : add linkedlist
2025-12-23 22:33:02,028 [INFO] IPUIPlugin:80 - create IPUIPlugin
2025-12-23 22:33:02,028 [INFO] PluginManager:220 - loadIPPluginJar : add dma
2025-12-23 22:33:02,030 [INFO] IPUIPlugin:80 - create IPUIPlugin
2025-12-23 22:33:02,030 [INFO] PluginManager:220 - loadIPPluginJar : add fmc
2025-12-23 22:33:02,031 [INFO] IPUIPlugin:80 - create IPUIPlugin
2025-12-23 22:33:02,031 [INFO] PluginManager:220 - loadIPPluginJar : add i2s
2025-12-23 22:33:02,032 [INFO] IPUIPlugin:80 - create IPUIPlugin
2025-12-23 22:33:02,032 [INFO] PluginManager:220 - loadIPPluginJar : add ucpd
2025-12-23 22:33:02,033 [INFO] IPUIPlugin:80 - create IPUIPlugin
2025-12-23 22:33:02,033 [INFO] PluginManager:220 - loadIPPluginJar : add lorawan
2025-12-23 22:33:02,035 [INFO] IPUIPlugin:80 - create IPUIPlugin
2025-12-23 22:33:02,035 [INFO] PluginManager:220 - loadIPPluginJar : add opamp
2025-12-23 22:33:02,036 [INFO] IPUIPlugin:80 - create IPUIPlugin
2025-12-23 22:33:02,036 [INFO] PluginManager:220 - loadIPPluginJar : add i3c
2025-12-23 22:33:02,039 [INFO] IPUIPlugin:80 - create IPUIPlugin
2025-12-23 22:33:02,039 [INFO] PluginManager:220 - loadIPPluginJar : add touchsensing
2025-12-23 22:33:02,041 [INFO] IPUIPlugin:80 - create IPUIPlugin
2025-12-23 22:33:02,041 [INFO] PluginManager:220 - loadIPPluginJar : add i2c
2025-12-23 22:33:02,042 [INFO] IPUIPlugin:80 - create IPUIPlugin
2025-12-23 22:33:02,042 [INFO] PluginManager:220 - loadIPPluginJar : add resmgrutility
2025-12-23 22:33:02,043 [INFO] IPUIPlugin:80 - create IPUIPlugin
2025-12-23 22:33:02,043 [INFO] PluginManager:220 - loadIPPluginJar : add sai
2025-12-23 22:33:02,044 [INFO] IPUIPlugin:80 - create IPUIPlugin
2025-12-23 22:33:02,044 [INFO] PluginManager:220 - loadIPPluginJar : add usbx
2025-12-23 22:33:02,146 [FATAL] Updater:351 - Updater called before beeing initialized
2025-12-23 22:33:02,188 [INFO] RulesReader:64 - Compatibility file has been processed (317 Rules)
2025-12-23 22:33:02,196 [INFO] RulesReader:64 - Compatibility file has been processed (317 Rules)
2025-12-23 22:33:02,209 [INFO] CADModel:165 - CPN selected for project level
2025-12-23 22:33:02,209 [INFO] CADModel:114 - Register for checkConnection events
2025-12-23 22:33:02,209 [FATAL] Updater:351 - Updater called before beeing initialized
2025-12-23 22:33:02,209 [ERROR] CADModel:125 - Updater not yet initialized, retry later 
2025-12-23 22:33:02,426 [FATAL] Updater:351 - Updater called before beeing initialized
2025-12-23 22:33:02,427 [INFO] CADModel:165 - CPN selected for project level
2025-12-23 22:33:02,427 [INFO] CADModel:114 - Register for checkConnection events
2025-12-23 22:33:02,427 [FATAL] Updater:351 - Updater called before beeing initialized
2025-12-23 22:33:02,427 [ERROR] CADModel:125 - Updater not yet initialized, retry later 
2025-12-23 22:33:02,429 [FATAL] Updater:351 - Updater called before beeing initialized
2025-12-23 22:33:02,577 [FATAL] Updater:351 - Updater called before beeing initialized
2025-12-23 22:33:02,581 [INFO] DbMcusAds:53 - JSON generation date=Mon Dec 15 18:11:46 EST 2025 (1765840306612)
2025-12-23 22:33:02,581 [FATAL] Updater:351 - Updater called before beeing initialized
2025-12-23 22:33:02,622 [WARN] DetailPanel:346 - Failed to get advertising image, set to default
2025-12-23 22:33:02,675 [FATAL] Updater:351 - Updater called before beeing initialized
2025-12-23 22:33:02,676 [FATAL] Updater:351 - Updater called before beeing initialized
2025-12-23 22:33:02,677 [FATAL] Updater:351 - Updater called before beeing initialized
2025-12-23 22:33:02,678 [WARN] DetailPanel:346 - Failed to get advertising image, set to default
2025-12-23 22:33:02,680 [FATAL] Updater:351 - Updater called before beeing initialized
2025-12-23 22:33:02,728 [ERROR] Updater:1198 - MainUpdater not yet initialized. External WinMGr cannot be set.
2025-12-23 22:33:02,734 [INFO] Updater:1134 - Updater Version found : 6.15.0
2025-12-23 22:33:02,744 [INFO] ApplicationProperties:184 - Using Application install path: /Applications/STM32CubeIDE.app/Contents/Eclipse/plugins/com.st.stm32cube.common.mx_6.15.0.202507011659
2025-12-23 22:33:03,018 [INFO] MainUpdater:2872 - connection check result : 10
2025-12-23 22:33:03,018 [INFO] MainUpdater:289 - Updater Check For Update Now.
2025-12-23 22:33:03,019 [INFO] MicroXplorer:498 - Change Database Version : DB.6.0.150
2025-12-23 22:33:03,027 [INFO] McuFinderGlobals:63 - Set McuFinder mode to 2 (CubeIDE integrated)
2025-12-23 22:33:03,027 [INFO] UserAuth:487 - Internet connection configuration mode: 1
2025-12-23 22:33:03,040 [INFO] JxBrowserEngine:152 - Initiate JxBrowser Engine with user profile folder
2025-12-23 22:33:03,265 [INFO] CheckServerUpdateThread:120 - End of CheckServer Thread
2025-12-23 22:33:04,630 [WARN] PackLoader:240 - Cannot read IP mode file for STMicroelectronics.FP-SNS-MOTENVWB1.1.4.0
2025-12-23 22:33:04,648 [WARN] PackLoader:240 - Cannot read IP mode file for STMicroelectronics.FP-ATR-ASTRA1.2.0.2
2025-12-23 22:33:04,660 [WARN] PackLoader:240 - Cannot read IP mode file for STMicroelectronics.X-CUBE-SMBUS.2.1.0
2025-12-23 22:33:04,666 [WARN] PackLoader:240 - Cannot read IP mode file for STMicroelectronics.X-CUBE-ST60.1.0.0
2025-12-23 22:33:04,702 [WARN] PackLoader:240 - Cannot read IP mode file for STMicroelectronics.X-CUBE-AZRTOS-F7.1.1.0
2025-12-23 22:33:04,731 [WARN] PackLoader:240 - Cannot read IP mode file for STMicroelectronics.FP-SNS-MOTENV1.5.1.0
2025-12-23 22:33:04,746 [WARN] PackLoader:240 - Cannot read IP mode file for WES.I-CUBE-Cesium.1.4.0
2025-12-23 22:33:04,776 [WARN] PackLoader:240 - Cannot read IP mode file for Infineon.AIROC-Wi-Fi-Bluetooth-STM32.1.7.1
2025-12-23 22:33:04,823 [WARN] PackLoader:240 - Cannot read IP mode file for STMicroelectronics.X-CUBE-AZRTOS-H7.3.4.0
2025-12-23 22:33:04,850 [WARN] PackLoader:240 - Cannot read IP mode file for STMicroelectronics.X-CUBE-DISPLAY.3.0.0
2025-12-23 22:33:04,875 [WARN] PackLoader:240 - Cannot read IP mode file for STMicroelectronics.X-CUBE-NFC10.1.0.0
2025-12-23 22:33:04,882 [WARN] PackLoader:240 - Cannot read IP mode file for STMicroelectronics.X-CUBE-ST60.1.1.0
2025-12-23 22:33:04,887 [WARN] PackLoader:240 - Cannot read IP mode file for emotas.I-CUBE-CANOPEN.1.3.0
2025-12-23 22:33:04,896 [WARN] PackLoader:240 - Cannot read IP mode file for STMicroelectronics.X-CUBE-GNSS1.7.1.0
2025-12-23 22:33:04,906 [WARN] PackLoader:240 - Cannot read IP mode file for STMicroelectronics.FP-SNS-STBOX1.2.1.0
2025-12-23 22:33:04,912 [WARN] PackLoader:240 - Cannot read IP mode file for STMicroelectronics.FP-SNS-SMARTAG2.1.2.0
2025-12-23 22:33:04,915 [WARN] PackLoader:240 - Cannot read IP mode file for STMicroelectronics.FP-SNS-FLIGHT1.5.1.0
2025-12-23 22:33:04,924 [INFO] LogOutputStream:77 - [STDOUT_REDIRECT] 1 : Invalid condition id : UX_CORESTACK_Condition cause : null
2025-12-23 22:33:04,925 [INFO] LogOutputStream:77 - [STDOUT_REDIRECT] 1 : Invalid condition id : UX_CORESTACK_Condition cause : null
2025-12-23 22:33:04,926 [INFO] LogOutputStream:77 - [STDOUT_REDIRECT] 1 : Invalid condition id : UX_CORESTACK_Condition cause : null
2025-12-23 22:33:04,927 [INFO] LogOutputStream:77 - [STDOUT_REDIRECT] 1 : Invalid condition id : UX_CORESTACK_Condition cause : null
2025-12-23 22:33:04,927 [INFO] LogOutputStream:77 - [STDOUT_REDIRECT] 1 : Invalid condition id : UX_CORESTACK_Condition cause : null
2025-12-23 22:33:04,933 [WARN] PackLoader:240 - Cannot read IP mode file for STMicroelectronics.X-CUBE-AZRTOS-WL.2.0.0
2025-12-23 22:33:04,939 [WARN] PackLoader:240 - Cannot read IP mode file for STMicroelectronics.FP-SNS-MOTENV1.5.0.0
2025-12-23 22:33:04,968 [WARN] PackLoader:240 - Cannot read IP mode file for STMicroelectronics.X-CUBE-AZRTOS-H7RS.1.2.0
2025-12-23 22:33:04,983 [WARN] PackLoader:240 - Cannot read IP mode file for STMicroelectronics.X-CUBE-BLE2.3.3.0
2025-12-23 22:33:05,013 [WARN] PackLoader:240 - Cannot read IP mode file for STMicroelectronics.X-CUBE-NFC9.1.0.0
2025-12-23 22:33:05,286 [WARN] PackLoader:240 - Cannot read IP mode file for wolfSSL.I-CUBE-wolfSSL.5.8.2
2025-12-23 22:33:05,343 [WARN] PackLoader:240 - Cannot read IP mode file for STMicroelectronics.X-CUBE-BLE1.7.1.0
2025-12-23 22:33:05,351 [WARN] PackLoader:240 - Cannot read IP mode file for wolfSSL.I-CUBE-wolfMQTT.1.19.2
2025-12-23 22:33:05,364 [WARN] PackLoader:240 - Cannot read IP mode file for STMicroelectronics.X-CUBE-FREERTOS.1.4.0
2025-12-23 22:33:05,378 [WARN] PackLoader:240 - Cannot read IP mode file for STMicroelectronics.X-CUBE-EEPRMA1.5.2.0
2025-12-23 22:33:05,389 [WARN] PackLoader:240 - Cannot read IP mode file for STMicroelectronics.X-CUBE-ST67W61.1.1.0
2025-12-23 22:33:05,470 [WARN] PackLoader:240 - Cannot read IP mode file for STMicroelectronics.X-CUBE-MEMS1.12.0.0
2025-12-23 22:33:05,565 [WARN] PackLoader:240 - Cannot read IP mode file for STMicroelectronics.X-CUBE-AZRTOS-G0.1.1.0
2025-12-23 22:33:05,575 [WARN] PackLoader:240 - Cannot read IP mode file for STMicroelectronics.X-CUBE-SAFEA1.1.2.2
2025-12-23 22:33:05,584 [WARN] PackLoader:240 - Cannot read IP mode file for STMicroelectronics.X-CUBE-NFC4.3.0.0
2025-12-23 22:33:05,593 [WARN] PackLoader:240 - Cannot read IP mode file for EmbeddedOffice.I-CUBE-FS-RTOS.1.0.1
2025-12-23 22:33:05,603 [WARN] PackLoader:240 - Cannot read IP mode file for STMicroelectronics.X-CUBE-WB05N.2.0.0
2025-12-23 22:33:05,615 [WARN] PackLoader:240 - Cannot read IP mode file for wolfSSL.I-CUBE-wolfTPM.3.8.0
2025-12-23 22:33:05,620 [WARN] PackLoader:240 - Cannot read IP mode file for STMicroelectronics.X-CUBE-TCPP.4.2.0
2025-12-23 22:33:05,629 [WARN] PackLoader:240 - Cannot read IP mode file for RealThread.X-CUBE-RT-Thread_Nano.4.1.1
2025-12-23 22:33:05,631 [WARN] PackLoader:240 - Cannot read IP mode file for STMicroelectronics.FP-ATR-SIGFOX1.3.2.0
2025-12-23 22:33:05,637 [WARN] PackLoader:240 - Cannot read IP mode file for ITTIA_DB.I-CUBE-ITTIADB.8.9.0
2025-12-23 22:33:05,658 [WARN] PackLoader:240 - Cannot read IP mode file for STMicroelectronics.X-CUBE-ST67W61.1.0.0
2025-12-23 22:33:05,666 [WARN] PackLoader:240 - Cannot read IP mode file for STMicroelectronics.X-CUBE-AI.10.2.0
2025-12-23 22:33:05,725 [WARN] PackLoader:240 - Cannot read IP mode file for SEGGER.I-CUBE-embOS.1.3.1
2025-12-23 22:33:05,763 [WARN] PackLoader:240 - Cannot read IP mode file for STMicroelectronics.X-CUBE-ALGOBUILD.1.4.0
2025-12-23 22:33:05,822 [WARN] PackLoader:240 - Cannot read IP mode file for STMicroelectronics.X-CUBE-MEMS1.11.3.0
2025-12-23 22:33:05,905 [WARN] PackLoader:240 - Cannot read IP mode file for STMicroelectronics.X-CUBE-PM33A1.1.0.0
2025-12-23 22:33:05,929 [WARN] PackLoader:240 - Cannot read IP mode file for STMicroelectronics.X-CUBE-AZRTOS-F4.1.1.0
2025-12-23 22:33:05,935 [WARN] PackLoader:240 - Cannot read IP mode file for Avnet-IotConnect.X-CUBE-IoTC-DA16k-PMOD.1.0.0
2025-12-23 22:33:05,937 [WARN] PackLoader:240 - Cannot read IP mode file for STMicroelectronics.X-CUBE-ISPU.2.1.0
2025-12-23 22:33:05,947 [WARN] PackLoader:240 - Cannot read IP mode file for STMicroelectronics.X-CUBE-IPS.3.2.0
2025-12-23 22:33:05,960 [WARN] PackLoader:240 - Cannot read IP mode file for STMicroelectronics.X-CUBE-NFC12.1.0.0
2025-12-23 22:33:05,988 [WARN] PackLoader:240 - Cannot read IP mode file for STMicroelectronics.X-CUBE-AZRTOS-L5.2.0.0
2025-12-23 22:33:06,000 [WARN] PackLoader:240 - Cannot read IP mode file for STMicroelectronics.X-CUBE-NFC6.3.1.0
2025-12-23 22:33:06,009 [WARN] PackLoader:240 - Cannot read IP mode file for STMicroelectronics.X-CUBE-FREERTOS.1.3.1
2025-12-23 22:33:06,017 [WARN] PackLoader:240 - Cannot read IP mode file for STMicroelectronics.X-CUBE-TOUCHGFX.4.26.0
2025-12-23 22:33:06,021 [WARN] PackLoader:240 - Cannot read IP mode file for STMicroelectronics.FP-SNS-STAIOTCFT.1.0.0
2025-12-23 22:33:06,032 [WARN] PackLoader:240 - Cannot read IP mode file for STMicroelectronics.X-CUBE-DPower.1.3.0
2025-12-23 22:33:06,050 [WARN] ConditionMgr:438 - getConditionDescription Invalid condition id : LAN8742 Phy interface Condition cause : null
2025-12-23 22:33:06,052 [WARN] PackLoader:240 - Cannot read IP mode file for STMicroelectronics.X-CUBE-AZRTOS-L4.2.0.0
2025-12-23 22:33:06,054 [WARN] ConditionMgr:1044 - genDependencies : Invalid condition id : LAN8742 Phy interface Condition cause : null
2025-12-23 22:33:06,054 [WARN] ConditionMgr:1044 - genDependencies : Invalid condition id : LAN8742 Phy interface Condition cause : null
2025-12-23 22:33:06,055 [WARN] ConditionMgr:1044 - genDependencies : Invalid condition id : LAN8742 Phy interface Condition cause : null
2025-12-23 22:33:06,065 [WARN] PackLoader:240 - Cannot read IP mode file for STMicroelectronics.X-CUBE-SFXS2LP1.4.0.0
2025-12-23 22:33:06,080 [WARN] PackLoader:240 - Cannot read IP mode file for STMicroelectronics.X-CUBE-BLEMGR.4.1.0
2025-12-23 22:33:06,098 [WARN] ConditionMgr:438 - getConditionDescription Invalid condition id : UX DEVICE CLASS RTOS Condition cause : null
2025-12-23 22:33:06,098 [WARN] ConditionMgr:438 - getConditionDescription Invalid condition id : UX DEVICE CLASS RTOS Condition cause : null
2025-12-23 22:33:06,102 [WARN] PackLoader:240 - Cannot read IP mode file for STMicroelectronics.X-CUBE-AZRTOS-WB.2.0.0
2025-12-23 22:33:06,103 [WARN] ConditionMgr:1044 - genDependencies : Invalid condition id : UX DEVICE CLASS RTOS Condition cause : null
2025-12-23 22:33:06,103 [WARN] ConditionMgr:1044 - genDependencies : Invalid condition id : UX DEVICE CLASS RTOS Condition cause : null
2025-12-23 22:33:06,103 [WARN] ConditionMgr:1044 - genDependencies : Invalid condition id : UX DEVICE CLASS RTOS Condition cause : null
2025-12-23 22:33:06,104 [WARN] ConditionMgr:1044 - genDependencies : Invalid condition id : UX DEVICE CLASS RTOS Condition cause : null
2025-12-23 22:33:06,104 [WARN] ConditionMgr:1044 - genDependencies : Invalid condition id : UX DEVICE CLASS RTOS Condition cause : null
2025-12-23 22:33:06,112 [WARN] PackLoader:240 - Cannot read IP mode file for STMicroelectronics.X-CUBE-GNSS1.7.0.1
2025-12-23 22:33:06,117 [WARN] PackLoader:240 - Cannot read IP mode file for STMicroelectronics.X-CUBE-TOUCHGFX.4.25.0
2025-12-23 22:33:06,122 [WARN] ConditionMgr:438 - getConditionDescription Invalid condition id : Cortex-A Device cause : null
2025-12-23 22:33:06,150 [WARN] ConditionMgr:1044 - genDependencies : Invalid condition id : Cortex-A Device cause : null
2025-12-23 22:33:06,150 [WARN] ConditionMgr:1044 - genDependencies : Invalid condition id : Cortex-A Device cause : null
2025-12-23 22:33:06,150 [WARN] ConditionMgr:1044 - genDependencies : Invalid condition id : Cortex-A Device cause : null
2025-12-23 22:33:06,160 [WARN] PackLoader:240 - Cannot read IP mode file for STMicroelectronics.X-CUBE-SUBG2.5.0.0
2025-12-23 22:33:06,198 [WARN] PackLoader:240 - Cannot read IP mode file for STMicroelectronics.X-CUBE-AZRTOS-H7RS.1.1.0
2025-12-23 22:33:06,211 [WARN] PackLoader:240 - Cannot read IP mode file for Cesanta.I-CUBE-Mongoose.7.13.0
2025-12-23 22:33:06,228 [WARN] PackLoader:240 - Cannot read IP mode file for STMicroelectronics.X-CUBE-AZRTOS-G4.2.0.0
2025-12-23 22:33:06,234 [WARN] PackLoader:240 - Cannot read IP mode file for wolfSSL.I-CUBE-wolfSSH.1.4.20
2025-12-23 22:33:06,237 [WARN] PackLoader:240 - Cannot read IP mode file for STMicroelectronics.X-CUBE-NFC7.2.0.0
2025-12-23 22:33:06,247 [WARN] PackLoader:240 - Cannot read IP mode file for STMicroelectronics.X-CUBE-IPS.3.1.0
2025-12-23 22:33:06,253 [WARN] PackLoader:240 - Cannot read IP mode file for STMicroelectronics.X-CUBE-ALS.1.0.2
2025-12-23 22:33:06,264 [WARN] PackLoader:240 - Cannot read IP mode file for STMicroelectronics.X-CUBE-STSE01.1.0.0
2025-12-23 22:33:06,274 [WARN] PackLoader:240 - Cannot read IP mode file for STMicroelectronics.X-CUBE-TOF1.3.4.3
2025-12-23 22:33:06,296 [INFO] ThirdParty:978 - Integrity check success = true
2025-12-23 22:33:06,296 [INFO] IntegrityCheckThread:100 - exiting critical section [integrity check]
2025-12-23 22:33:06,296 [INFO] IntegrityCheckThread:103 - End integrity checks thread
2025-12-23 22:33:06,877 [INFO] WebApp:169 - Instantiating new browser for Auth
2025-12-23 22:33:07,930 [INFO] WebApp:463 - Apply proxy settings
2025-12-23 22:33:07,940 [INFO] WebApp:508 - Chromium authenticates against Manually configured proxy
2025-12-23 22:33:07,952 [INFO] WebApp:516 - Username used for proxy authentication: 
2025-12-23 22:33:07,987 [INFO] WebApp:900 - Register for checkConnection events
2025-12-23 22:33:07,988 [INFO] WebApp:463 - Apply proxy settings
2025-12-23 22:33:07,991 [INFO] WebApp:508 - Chromium authenticates against Manually configured proxy
2025-12-23 22:33:07,991 [INFO] WebApp:516 - Username used for proxy authentication: 
2025-12-23 22:33:08,118 [INFO] WebApp:225 - Starting web application
2025-12-23 22:33:08,119 [INFO] WebApp:593 - Web application path used /Applications/STM32CubeIDE.app/Contents/Eclipse/plugins/com.st.stm32cube.common.mx_6.15.0.202507011659/db/plugins/mcufinder/reactClient1/index.html
2025-12-23 22:33:08,621 [INFO] WebApp:191 - Connection restablished
2025-12-23 22:33:08,688 [INFO] UserAuth:487 - Internet connection configuration mode: 1
