2025-12-23 22:31:56,761 [INFO] Activator:176 - 


2025-12-23 22:31:56,762 [INFO] Activator:177 - !SESSION log4j initialized
2025-12-23 22:31:58,395 [ERROR] LogOutputStream:75 - [STDERR_REDIRECT] 
2025-12-23 22:32:00,142 [INFO] LogOutputStream:77 - [STDOUT_REDIRECT] 
2025-12-23 22:32:01,735 [INFO] ApplicationProperties:184 - Using Application install path: /Applications/STM32CubeIDE.app/Contents/Eclipse/plugins/com.st.stm32cube.common.mx_6.15.0.202507011659
2025-12-23 22:32:01,747 [INFO] DbMcusXml:78 - Set database path to: /Applications/STM32CubeIDE.app/Contents/Eclipse/plugins/com.st.stm32cube.common.mx_6.15.0.202507011659//db//mcu/
2025-12-23 22:32:01,747 [INFO] ApiDb:274 - Set plugin database path to: /Applications/STM32CubeIDE.app/Contents/Eclipse/plugins/com.st.stm32cube.common.mx_6.15.0.202507011659//db//plugins/boardmanager/
2025-12-23 22:32:01,748 [WARN] ApiDb:259 - Overriding images path with different value:  => /Applications/STM32CubeIDE.app/Contents/Eclipse/plugins/com.st.stm32cube.common.mx_6.15.0.202507011659//db//plugins/mcufinder/images/
2025-12-23 22:32:01,751 [INFO] ApiDb:250 - Set database path to: /Users/krisko/.stmcufinder/plugins/mcufinder//mcu/
2025-12-23 22:32:01,752 [INFO] DbMcusAds:125 - Set database path to: /Users/krisko/.stmcufinder/plugins/mcufinder//mcu/
2025-12-23 22:32:01,753 [INFO] CrossReferenceDbSqlite:203 - Set database path to: /Users/krisko/.stmcufinder/plugins/mcufinder//mcu/cs/
2025-12-23 22:32:01,872 [INFO] RulesReader:64 - Compatibility file has been processed (317 Rules)
2025-12-23 22:32:01,917 [INFO] DbMcusXml:78 - Set database path to: /Applications/STM32CubeIDE.app/Contents/Eclipse/plugins/com.st.stm32cube.common.mx_6.15.0.202507011659//db//mcu/
2025-12-23 22:32:01,918 [INFO] ApiDb:274 - Set plugin database path to: /Applications/STM32CubeIDE.app/Contents/Eclipse/plugins/com.st.stm32cube.common.mx_6.15.0.202507011659//db//plugins/boardmanager/
2025-12-23 22:32:01,918 [INFO] ApiDb:261 - Set plugin images path to: /Applications/STM32CubeIDE.app/Contents/Eclipse/plugins/com.st.stm32cube.common.mx_6.15.0.202507011659//db//plugins/mcufinder/images/
2025-12-23 22:32:01,918 [WARN] DbFile:41 - Overriding database path with different value: /Users/krisko/.stmcufinder/plugins/mcufinder/ => /Users/krisko/.stmcufinder/plugins/mcufinder
2025-12-23 22:32:01,918 [INFO] ApiDb:250 - Set database path to: /Users/krisko/.stmcufinder/plugins/mcufinder//mcu/
2025-12-23 22:32:01,918 [WARN] DbFile:41 - Overriding database path with different value: /Users/krisko/.stmcufinder/plugins/mcufinder/ => /Users/krisko/.stmcufinder/plugins/mcufinder
2025-12-23 22:32:01,918 [INFO] DbMcusAds:125 - Set database path to: /Users/krisko/.stmcufinder/plugins/mcufinder//mcu/
2025-12-23 22:32:01,918 [WARN] DbFile:41 - Overriding database path with different value: /Users/krisko/.stmcufinder/plugins/mcufinder/ => /Users/krisko/.stmcufinder/plugins/mcufinder
2025-12-23 22:32:01,918 [WARN] DbFile:41 - Overriding database path with different value: /Users/krisko/.stmcufinder/plugins/mcufinder/ => /Users/krisko/.stmcufinder/plugins/mcufinder
2025-12-23 22:32:01,918 [INFO] CrossReferenceDbSqlite:203 - Set database path to: /Users/krisko/.stmcufinder/plugins/mcufinder//mcu/cs/
2025-12-23 22:32:01,976 [INFO] MainPanel:274 - HeapMemory: 268435456
2025-12-23 22:32:02,844 [INFO] DbMcusXml:78 - Set database path to: /Applications/STM32CubeIDE.app/Contents/Eclipse/plugins/com.st.stm32cube.common.mx_6.15.0.202507011659//db//mcu/
2025-12-23 22:32:02,847 [INFO] ApiDb:274 - Set plugin database path to: /Applications/STM32CubeIDE.app/Contents/Eclipse/plugins/com.st.stm32cube.common.mx_6.15.0.202507011659//db//plugins/boardmanager/
2025-12-23 22:32:02,852 [INFO] ApiDb:261 - Set plugin images path to: /Applications/STM32CubeIDE.app/Contents/Eclipse/plugins/com.st.stm32cube.common.mx_6.15.0.202507011659//db//plugins/mcufinder/images/
2025-12-23 22:32:02,852 [WARN] DbFile:41 - Overriding database path with different value: /Users/krisko/.stmcufinder/plugins/mcufinder/ => /Users/krisko/.stmcufinder/plugins/mcufinder
2025-12-23 22:32:02,853 [INFO] ApiDb:250 - Set database path to: /Users/krisko/.stmcufinder/plugins/mcufinder//mcu/
2025-12-23 22:32:02,853 [WARN] DbFile:41 - Overriding database path with different value: /Users/krisko/.stmcufinder/plugins/mcufinder/ => /Users/krisko/.stmcufinder/plugins/mcufinder
2025-12-23 22:32:02,853 [INFO] DbMcusAds:125 - Set database path to: /Users/krisko/.stmcufinder/plugins/mcufinder//mcu/
2025-12-23 22:32:02,853 [WARN] DbFile:41 - Overriding database path with different value: /Users/krisko/.stmcufinder/plugins/mcufinder/ => /Users/krisko/.stmcufinder/plugins/mcufinder
2025-12-23 22:32:02,853 [WARN] DbFile:41 - Overriding database path with different value: /Users/krisko/.stmcufinder/plugins/mcufinder/ => /Users/krisko/.stmcufinder/plugins/mcufinder
2025-12-23 22:32:02,853 [INFO] CrossReferenceDbSqlite:203 - Set database path to: /Users/krisko/.stmcufinder/plugins/mcufinder//mcu/cs/
2025-12-23 22:32:02,902 [INFO] ApplicationProperties:184 - Using Application install path: /Applications/STM32CubeIDE.app/Contents/Eclipse/plugins/com.st.stm32cube.common.mx_6.15.0.202507011659
2025-12-23 22:32:02,904 [INFO] PluginManage:196 - Search for loadable plugins [exclusion list=, ]
2025-12-23 22:32:02,908 [INFO] PluginManage:310 - Check plugin analytics
2025-12-23 22:32:03,423 [INFO] AnalyticsPlugin:253 - Accepted Software Licenses: 
2025-12-23 22:32:03,423 [INFO] AnalyticsPlugin:255 - Accepted CMSIS Pack Licenses: 
2025-12-23 22:32:03,424 [INFO] AnalyticsPlugin:257 - Accepted Firmware Licenses: FW.L5.1.5.0,FW.H7.1.12.0
2025-12-23 22:32:03,433 [INFO] PluginManage:359 - Loaded plugin analytics (category:tool,tabindex:-1)
2025-12-23 22:32:03,435 [INFO] PluginManage:310 - Check plugin cadmodel
2025-12-23 22:32:03,466 [INFO] CADModel:105 - Init CAD model plugin
2025-12-23 22:32:03,466 [INFO] PluginManage:359 - Loaded plugin cadmodel (category:power,tabindex:5)
2025-12-23 22:32:03,467 [INFO] PluginManage:310 - Check plugin clock
2025-12-23 22:32:03,480 [INFO] PluginManage:359 - Loaded plugin clock (category:base,tabindex:2)
2025-12-23 22:32:03,481 [INFO] PluginManage:310 - Check plugin ddr
2025-12-23 22:32:03,483 [INFO] PluginManage:359 - Loaded plugin ddr (category:tool,tabindex:6)
2025-12-23 22:32:03,483 [INFO] PluginManage:310 - Check plugin filemanager
2025-12-23 22:32:03,656 [INFO] PluginManage:359 - Loaded plugin filemanager (category:base,tabindex:10)
2025-12-23 22:32:03,657 [INFO] PluginManage:310 - Check plugin ipmanager
2025-12-23 22:32:03,669 [INFO] PluginManage:359 - Loaded plugin ipmanager (category:base,tabindex:5)
2025-12-23 22:32:03,670 [INFO] PluginManage:310 - Check plugin lpbam
2025-12-23 22:32:03,684 [INFO] PluginManage:359 - Loaded plugin lpbam (category:base,tabindex:0)
2025-12-23 22:32:03,685 [INFO] PluginManage:310 - Check plugin memorymap
2025-12-23 22:32:03,696 [INFO] PluginManage:359 - Loaded plugin memorymap (category:base,tabindex:4)
2025-12-23 22:32:03,696 [INFO] PluginManage:310 - Check plugin pinoutandconfiguration
2025-12-23 22:32:03,702 [INFO] PluginManage:359 - Loaded plugin pinoutandconfiguration (category:base,tabindex:1)
2025-12-23 22:32:03,702 [INFO] PluginManage:310 - Check plugin pinoutconfig
2025-12-23 22:32:03,785 [WARN] SupportedApi:132 - Cannot load RTOS API schema: s4s-elt-must-match.1: The content of 'definitions' must match (annotation?, (simpleType | complexType)?, (unique | key | keyref)*)). A problem was found starting at: attribute.
2025-12-23 22:32:03,945 [INFO] PluginManage:359 - Loaded plugin pinoutconfig (category:base,tabindex:0)
2025-12-23 22:32:03,945 [INFO] PluginManage:310 - Check plugin power
2025-12-23 22:32:03,957 [INFO] PluginManage:359 - Loaded plugin power (category:power,tabindex:4)
2025-12-23 22:32:03,957 [INFO] PluginManage:310 - Check plugin projectmanager
2025-12-23 22:32:03,979 [INFO] PluginManage:359 - Loaded plugin projectmanager (category:projectmanager,tabindex:4)
2025-12-23 22:32:03,979 [INFO] PluginManage:310 - Check plugin rif
2025-12-23 22:32:03,985 [INFO] PluginManage:359 - Loaded plugin rif (category:base,tabindex:3)
2025-12-23 22:32:03,985 [INFO] PluginManage:310 - Check plugin thirdparty
2025-12-23 22:32:04,136 [INFO] PluginManage:359 - Loaded plugin thirdparty (category:base,tabindex:-1)
2025-12-23 22:32:04,136 [WARN] IntegrityCheckThread:84 - waiting for thirdparty lock release [integrity check]
2025-12-23 22:32:04,137 [INFO] PluginManage:310 - Check plugin tools
2025-12-23 22:32:04,137 [INFO] IntegrityCheckThread:86 - entering critical section [integrity check]
2025-12-23 22:32:04,138 [INFO] ThirdPartyUpdaterWithRetryManager:70 - Updater plugin not ready yet. [1/15]
2025-12-23 22:32:04,140 [INFO] PluginManage:359 - Loaded plugin tools (category:base,tabindex:7)
2025-12-23 22:32:04,140 [INFO] PluginManage:310 - Check plugin tutovideos
2025-12-23 22:32:04,305 [INFO] PluginManage:359 - Loaded plugin tutovideos (category:base,tabindex:-1)
2025-12-23 22:32:04,305 [INFO] PluginManage:310 - Check plugin updater
2025-12-23 22:32:04,329 [INFO] PluginManage:359 - Loaded plugin updater (category:base,tabindex:12)
2025-12-23 22:32:04,329 [INFO] PluginManage:310 - Check plugin userauth
2025-12-23 22:32:04,333 [INFO] UserAuth:118 - Init User Auth plugin
2025-12-23 22:32:04,333 [INFO] PluginManage:359 - Loaded plugin userauth (category:base,tabindex:14)
2025-12-23 22:32:04,335 [INFO] PluginManage:283 - PluginManage : Loaded plugins [18]
2025-12-23 22:32:04,549 [INFO] PinOutPanel:1589 - setPackage(No Configuration,No Configuration)
2025-12-23 22:32:04,636 [INFO] CADModel:165 - CPN selected for project level
2025-12-23 22:32:04,637 [INFO] CADModel:114 - Register for checkConnection events
2025-12-23 22:32:04,649 [INFO] IPUIPlugin:80 - create IPUIPlugin
2025-12-23 22:32:04,649 [INFO] PluginManager:220 - loadIPPluginJar : add mdma
2025-12-23 22:32:04,654 [INFO] IPUIPlugin:80 - create IPUIPlugin
2025-12-23 22:32:04,655 [INFO] PluginManager:220 - loadIPPluginJar : add freertos
2025-12-23 22:32:04,659 [INFO] IPUIPlugin:80 - create IPUIPlugin
2025-12-23 22:32:04,659 [INFO] PluginManager:220 - loadIPPluginJar : add gic
2025-12-23 22:32:04,666 [INFO] IPUIPlugin:80 - create IPUIPlugin
2025-12-23 22:32:04,666 [INFO] PluginManager:220 - loadIPPluginJar : add adc
2025-12-23 22:32:04,668 [INFO] IPUIPlugin:80 - create IPUIPlugin
2025-12-23 22:32:04,668 [INFO] PluginManager:220 - loadIPPluginJar : add gtzc
2025-12-23 22:32:04,669 [INFO] IPUIPlugin:80 - create IPUIPlugin
2025-12-23 22:32:04,669 [INFO] PluginManager:220 - loadIPPluginJar : add quadspi
2025-12-23 22:32:04,670 [INFO] IPUIPlugin:80 - create IPUIPlugin
2025-12-23 22:32:04,671 [INFO] PluginManager:220 - loadIPPluginJar : add aes
2025-12-23 22:32:04,674 [INFO] IPUIPlugin:80 - create IPUIPlugin
2025-12-23 22:32:04,675 [INFO] PluginManager:220 - loadIPPluginJar : add pdm2pcm
2025-12-23 22:32:04,676 [INFO] IPUIPlugin:80 - create IPUIPlugin
2025-12-23 22:32:04,676 [INFO] PluginManager:220 - loadIPPluginJar : add hash
2025-12-23 22:32:04,677 [INFO] IPUIPlugin:80 - create IPUIPlugin
2025-12-23 22:32:04,677 [INFO] PluginManager:220 - loadIPPluginJar : add tim
2025-12-23 22:32:04,678 [INFO] IPUIPlugin:80 - create IPUIPlugin
2025-12-23 22:32:04,678 [INFO] PluginManager:220 - loadIPPluginJar : add tsc
2025-12-23 22:32:04,680 [INFO] IPUIPlugin:80 - create IPUIPlugin
2025-12-23 22:32:04,680 [INFO] PluginManager:220 - loadIPPluginJar : add extmemmanager
2025-12-23 22:32:04,683 [INFO] IPUIPlugin:80 - create IPUIPlugin
2025-12-23 22:32:04,683 [INFO] PluginManager:220 - loadIPPluginJar : add ts
2025-12-23 22:32:04,684 [INFO] IPUIPlugin:80 - create IPUIPlugin
2025-12-23 22:32:04,684 [INFO] PluginManager:220 - loadIPPluginJar : add radio
2025-12-23 22:32:04,685 [INFO] IPUIPlugin:80 - create IPUIPlugin
2025-12-23 22:32:04,685 [INFO] PluginManager:220 - loadIPPluginJar : add can
2025-12-23 22:32:04,686 [INFO] IPUIPlugin:80 - create IPUIPlugin
2025-12-23 22:32:04,686 [INFO] PluginManager:220 - loadIPPluginJar : add dma3
2025-12-23 22:32:04,687 [INFO] IPUIPlugin:80 - create IPUIPlugin
2025-12-23 22:32:04,687 [INFO] PluginManager:220 - loadIPPluginJar : add dfsdm
2025-12-23 22:32:04,688 [INFO] IPUIPlugin:80 - create IPUIPlugin
2025-12-23 22:32:04,688 [INFO] PluginManager:220 - loadIPPluginJar : add spi
2025-12-23 22:32:04,689 [INFO] IPUIPlugin:80 - create IPUIPlugin
2025-12-23 22:32:04,689 [INFO] PluginManager:220 - loadIPPluginJar : add gfxmmu
2025-12-23 22:32:04,692 [INFO] IPUIPlugin:80 - create IPUIPlugin
2025-12-23 22:32:04,692 [INFO] PluginManager:220 - loadIPPluginJar : add genericplugin
2025-12-23 22:32:04,695 [INFO] IPUIPlugin:80 - create IPUIPlugin
2025-12-23 22:32:04,695 [INFO] PluginManager:220 - loadIPPluginJar : add cryp
2025-12-23 22:32:04,701 [INFO] IPUIPlugin:80 - create IPUIPlugin
2025-12-23 22:32:04,702 [INFO] PluginManager:220 - loadIPPluginJar : add gpio
2025-12-23 22:32:04,705 [INFO] IPUIPlugin:80 - create IPUIPlugin
2025-12-23 22:32:04,706 [INFO] PluginManager:220 - loadIPPluginJar : add ddr_ctrl_phy
2025-12-23 22:32:04,708 [INFO] IPUIPlugin:80 - create IPUIPlugin
2025-12-23 22:32:04,709 [INFO] PluginManager:220 - loadIPPluginJar : add comp
2025-12-23 22:32:04,711 [INFO] IPUIPlugin:80 - create IPUIPlugin
2025-12-23 22:32:04,713 [INFO] PluginManager:220 - loadIPPluginJar : add tracer_emb
2025-12-23 22:32:04,715 [INFO] IPUIPlugin:80 - create IPUIPlugin
2025-12-23 22:32:04,715 [INFO] PluginManager:220 - loadIPPluginJar : add openamp
2025-12-23 22:32:04,719 [INFO] IPUIPlugin:80 - create IPUIPlugin
2025-12-23 22:32:04,720 [INFO] PluginManager:220 - loadIPPluginJar : add stm32_wpan
2025-12-23 22:32:04,723 [INFO] IPUIPlugin:80 - create IPUIPlugin
2025-12-23 22:32:04,730 [INFO] PluginManager:220 - loadIPPluginJar : add plateformsettings
2025-12-23 22:32:04,732 [INFO] IPUIPlugin:80 - create IPUIPlugin
2025-12-23 22:32:04,733 [INFO] PluginManager:220 - loadIPPluginJar : add ipddr
2025-12-23 22:32:04,734 [INFO] IPUIPlugin:80 - create IPUIPlugin
2025-12-23 22:32:04,734 [INFO] PluginManager:220 - loadIPPluginJar : add usart
2025-12-23 22:32:04,734 [INFO] IPUIPlugin:80 - create IPUIPlugin
2025-12-23 22:32:04,734 [INFO] PluginManager:220 - loadIPPluginJar : add ltdc
2025-12-23 22:32:04,736 [INFO] IPUIPlugin:80 - create IPUIPlugin
2025-12-23 22:32:04,736 [INFO] PluginManager:220 - loadIPPluginJar : add nvic
2025-12-23 22:32:04,737 [INFO] IPUIPlugin:80 - create IPUIPlugin
2025-12-23 22:32:04,737 [INFO] PluginManager:220 - loadIPPluginJar : add fatfs
2025-12-23 22:32:04,741 [INFO] IPUIPlugin:80 - create IPUIPlugin
2025-12-23 22:32:04,741 [INFO] PluginManager:220 - loadIPPluginJar : add linkedlist
2025-12-23 22:32:04,744 [INFO] IPUIPlugin:80 - create IPUIPlugin
2025-12-23 22:32:04,744 [INFO] PluginManager:220 - loadIPPluginJar : add dma
2025-12-23 22:32:04,746 [INFO] IPUIPlugin:80 - create IPUIPlugin
2025-12-23 22:32:04,746 [INFO] PluginManager:220 - loadIPPluginJar : add fmc
2025-12-23 22:32:04,747 [INFO] IPUIPlugin:80 - create IPUIPlugin
2025-12-23 22:32:04,747 [INFO] PluginManager:220 - loadIPPluginJar : add i2s
2025-12-23 22:32:04,748 [INFO] IPUIPlugin:80 - create IPUIPlugin
2025-12-23 22:32:04,748 [INFO] PluginManager:220 - loadIPPluginJar : add ucpd
2025-12-23 22:32:04,749 [INFO] IPUIPlugin:80 - create IPUIPlugin
2025-12-23 22:32:04,750 [INFO] PluginManager:220 - loadIPPluginJar : add lorawan
2025-12-23 22:32:04,751 [INFO] IPUIPlugin:80 - create IPUIPlugin
2025-12-23 22:32:04,752 [INFO] PluginManager:220 - loadIPPluginJar : add opamp
2025-12-23 22:32:04,753 [INFO] IPUIPlugin:80 - create IPUIPlugin
2025-12-23 22:32:04,753 [INFO] PluginManager:220 - loadIPPluginJar : add i3c
2025-12-23 22:32:04,755 [INFO] IPUIPlugin:80 - create IPUIPlugin
2025-12-23 22:32:04,757 [INFO] PluginManager:220 - loadIPPluginJar : add touchsensing
2025-12-23 22:32:04,759 [INFO] IPUIPlugin:80 - create IPUIPlugin
2025-12-23 22:32:04,759 [INFO] PluginManager:220 - loadIPPluginJar : add i2c
2025-12-23 22:32:04,761 [INFO] IPUIPlugin:80 - create IPUIPlugin
2025-12-23 22:32:04,761 [INFO] PluginManager:220 - loadIPPluginJar : add resmgrutility
2025-12-23 22:32:04,762 [INFO] IPUIPlugin:80 - create IPUIPlugin
2025-12-23 22:32:04,762 [INFO] PluginManager:220 - loadIPPluginJar : add sai
2025-12-23 22:32:04,764 [INFO] IPUIPlugin:80 - create IPUIPlugin
2025-12-23 22:32:04,764 [INFO] PluginManager:220 - loadIPPluginJar : add usbx
2025-12-23 22:32:04,885 [FATAL] Updater:351 - Updater called before beeing initialized
2025-12-23 22:32:04,937 [INFO] RulesReader:64 - Compatibility file has been processed (317 Rules)
2025-12-23 22:32:04,947 [INFO] RulesReader:64 - Compatibility file has been processed (317 Rules)
2025-12-23 22:32:04,955 [INFO] CADModel:165 - CPN selected for project level
2025-12-23 22:32:04,955 [INFO] CADModel:114 - Register for checkConnection events
2025-12-23 22:32:04,955 [FATAL] Updater:351 - Updater called before beeing initialized
2025-12-23 22:32:04,955 [ERROR] CADModel:125 - Updater not yet initialized, retry later 
2025-12-23 22:32:05,283 [FATAL] Updater:351 - Updater called before beeing initialized
2025-12-23 22:32:05,285 [INFO] CADModel:165 - CPN selected for project level
2025-12-23 22:32:05,285 [INFO] CADModel:114 - Register for checkConnection events
2025-12-23 22:32:05,285 [FATAL] Updater:351 - Updater called before beeing initialized
2025-12-23 22:32:05,285 [ERROR] CADModel:125 - Updater not yet initialized, retry later 
2025-12-23 22:32:05,287 [FATAL] Updater:351 - Updater called before beeing initialized
2025-12-23 22:32:05,441 [FATAL] Updater:351 - Updater called before beeing initialized
2025-12-23 22:32:05,446 [INFO] DbMcusAds:53 - JSON generation date=Mon Dec 15 18:11:46 EST 2025 (1765840306612)
2025-12-23 22:32:05,446 [FATAL] Updater:351 - Updater called before beeing initialized
2025-12-23 22:32:05,493 [WARN] DetailPanel:346 - Failed to get advertising image, set to default
2025-12-23 22:32:05,556 [FATAL] Updater:351 - Updater called before beeing initialized
2025-12-23 22:32:05,560 [FATAL] Updater:351 - Updater called before beeing initialized
2025-12-23 22:32:05,560 [FATAL] Updater:351 - Updater called before beeing initialized
2025-12-23 22:32:05,561 [WARN] DetailPanel:346 - Failed to get advertising image, set to default
2025-12-23 22:32:05,567 [FATAL] Updater:351 - Updater called before beeing initialized
2025-12-23 22:32:05,652 [ERROR] Updater:1198 - MainUpdater not yet initialized. External WinMGr cannot be set.
2025-12-23 22:32:05,657 [INFO] Updater:1134 - Updater Version found : 6.15.0
2025-12-23 22:32:05,669 [INFO] ApplicationProperties:184 - Using Application install path: /Applications/STM32CubeIDE.app/Contents/Eclipse/plugins/com.st.stm32cube.common.mx_6.15.0.202507011659
2025-12-23 22:32:06,344 [INFO] MainUpdater:2872 - connection check result : 10
2025-12-23 22:32:06,345 [INFO] MainUpdater:289 - Updater Check For Update Now.
2025-12-23 22:32:06,345 [INFO] MicroXplorer:498 - Change Database Version : DB.6.0.150
2025-12-23 22:32:06,348 [INFO] McuFinderGlobals:63 - Set McuFinder mode to 2 (CubeIDE integrated)
2025-12-23 22:32:06,350 [INFO] UserAuth:487 - Internet connection configuration mode: 1
2025-12-23 22:32:06,366 [INFO] JxBrowserEngine:152 - Initiate JxBrowser Engine with user profile folder
2025-12-23 22:32:06,629 [INFO] CheckServerUpdateThread:120 - End of CheckServer Thread
2025-12-23 22:32:07,339 [WARN] PackLoader:240 - Cannot read IP mode file for STMicroelectronics.FP-SNS-MOTENVWB1.1.4.0
2025-12-23 22:32:07,362 [WARN] PackLoader:240 - Cannot read IP mode file for STMicroelectronics.FP-ATR-ASTRA1.2.0.2
2025-12-23 22:32:07,374 [WARN] PackLoader:240 - Cannot read IP mode file for STMicroelectronics.X-CUBE-SMBUS.2.1.0
2025-12-23 22:32:07,380 [WARN] PackLoader:240 - Cannot read IP mode file for STMicroelectronics.X-CUBE-ST60.1.0.0
2025-12-23 22:32:07,425 [WARN] PackLoader:240 - Cannot read IP mode file for STMicroelectronics.X-CUBE-AZRTOS-F7.1.1.0
2025-12-23 22:32:07,464 [WARN] PackLoader:240 - Cannot read IP mode file for STMicroelectronics.FP-SNS-MOTENV1.5.1.0
2025-12-23 22:32:07,490 [WARN] PackLoader:240 - Cannot read IP mode file for WES.I-CUBE-Cesium.1.4.0
2025-12-23 22:32:07,536 [WARN] PackLoader:240 - Cannot read IP mode file for Infineon.AIROC-Wi-Fi-Bluetooth-STM32.1.7.1
2025-12-23 22:32:07,601 [WARN] PackLoader:240 - Cannot read IP mode file for STMicroelectronics.X-CUBE-AZRTOS-H7.3.4.0
2025-12-23 22:32:07,628 [WARN] PackLoader:240 - Cannot read IP mode file for STMicroelectronics.X-CUBE-DISPLAY.3.0.0
2025-12-23 22:32:07,660 [WARN] PackLoader:240 - Cannot read IP mode file for STMicroelectronics.X-CUBE-NFC10.1.0.0
2025-12-23 22:32:07,675 [WARN] PackLoader:240 - Cannot read IP mode file for STMicroelectronics.X-CUBE-ST60.1.1.0
2025-12-23 22:32:07,685 [WARN] PackLoader:240 - Cannot read IP mode file for emotas.I-CUBE-CANOPEN.1.3.0
2025-12-23 22:32:07,697 [WARN] PackLoader:240 - Cannot read IP mode file for STMicroelectronics.X-CUBE-GNSS1.7.1.0
2025-12-23 22:32:07,708 [WARN] PackLoader:240 - Cannot read IP mode file for STMicroelectronics.FP-SNS-STBOX1.2.1.0
2025-12-23 22:32:07,716 [WARN] PackLoader:240 - Cannot read IP mode file for STMicroelectronics.FP-SNS-SMARTAG2.1.2.0
2025-12-23 22:32:07,719 [WARN] PackLoader:240 - Cannot read IP mode file for STMicroelectronics.FP-SNS-FLIGHT1.5.1.0
2025-12-23 22:32:07,727 [INFO] LogOutputStream:77 - [STDOUT_REDIRECT] 1 : Invalid condition id : UX_CORESTACK_Condition cause : null
2025-12-23 22:32:07,731 [INFO] LogOutputStream:77 - [STDOUT_REDIRECT] 1 : Invalid condition id : UX_CORESTACK_Condition cause : null
2025-12-23 22:32:07,731 [INFO] LogOutputStream:77 - [STDOUT_REDIRECT] 1 : Invalid condition id : UX_CORESTACK_Condition cause : null
2025-12-23 22:32:07,731 [INFO] LogOutputStream:77 - [STDOUT_REDIRECT] 1 : Invalid condition id : UX_CORESTACK_Condition cause : null
2025-12-23 22:32:07,732 [INFO] LogOutputStream:77 - [STDOUT_REDIRECT] 1 : Invalid condition id : UX_CORESTACK_Condition cause : null
2025-12-23 22:32:07,737 [WARN] PackLoader:240 - Cannot read IP mode file for STMicroelectronics.X-CUBE-AZRTOS-WL.2.0.0
2025-12-23 22:32:07,744 [WARN] PackLoader:240 - Cannot read IP mode file for STMicroelectronics.FP-SNS-MOTENV1.5.0.0
2025-12-23 22:32:07,780 [WARN] PackLoader:240 - Cannot read IP mode file for STMicroelectronics.X-CUBE-AZRTOS-H7RS.1.2.0
2025-12-23 22:32:07,796 [WARN] PackLoader:240 - Cannot read IP mode file for STMicroelectronics.X-CUBE-BLE2.3.3.0
2025-12-23 22:32:07,830 [WARN] PackLoader:240 - Cannot read IP mode file for STMicroelectronics.X-CUBE-NFC9.1.0.0
2025-12-23 22:32:07,837 [WARN] PackLoader:240 - Cannot read IP mode file for wolfSSL.I-CUBE-wolfSSL.5.8.2
2025-12-23 22:32:07,846 [WARN] PackLoader:240 - Cannot read IP mode file for STMicroelectronics.X-CUBE-BLE1.7.1.0
2025-12-23 22:32:07,849 [WARN] PackLoader:240 - Cannot read IP mode file for wolfSSL.I-CUBE-wolfMQTT.1.19.2
2025-12-23 22:32:07,856 [WARN] PackLoader:240 - Cannot read IP mode file for STMicroelectronics.X-CUBE-FREERTOS.1.4.0
2025-12-23 22:32:07,865 [WARN] PackLoader:240 - Cannot read IP mode file for STMicroelectronics.X-CUBE-EEPRMA1.5.2.0
2025-12-23 22:32:08,019 [WARN] PackLoader:240 - Cannot read IP mode file for STMicroelectronics.X-CUBE-ST67W61.1.1.0
2025-12-23 22:32:08,209 [WARN] PackLoader:240 - Cannot read IP mode file for STMicroelectronics.X-CUBE-MEMS1.12.0.0
2025-12-23 22:32:08,305 [WARN] PackLoader:240 - Cannot read IP mode file for STMicroelectronics.X-CUBE-AZRTOS-G0.1.1.0
2025-12-23 22:32:08,330 [WARN] PackLoader:240 - Cannot read IP mode file for STMicroelectronics.X-CUBE-SAFEA1.1.2.2
2025-12-23 22:32:08,337 [WARN] PackLoader:240 - Cannot read IP mode file for STMicroelectronics.X-CUBE-NFC4.3.0.0
2025-12-23 22:32:08,345 [WARN] PackLoader:240 - Cannot read IP mode file for EmbeddedOffice.I-CUBE-FS-RTOS.1.0.1
2025-12-23 22:32:08,358 [WARN] PackLoader:240 - Cannot read IP mode file for STMicroelectronics.X-CUBE-WB05N.2.0.0
2025-12-23 22:32:08,368 [WARN] PackLoader:240 - Cannot read IP mode file for wolfSSL.I-CUBE-wolfTPM.3.8.0
2025-12-23 22:32:08,373 [WARN] PackLoader:240 - Cannot read IP mode file for STMicroelectronics.X-CUBE-TCPP.4.2.0
2025-12-23 22:32:08,377 [WARN] PackLoader:240 - Cannot read IP mode file for RealThread.X-CUBE-RT-Thread_Nano.4.1.1
2025-12-23 22:32:08,379 [WARN] PackLoader:240 - Cannot read IP mode file for STMicroelectronics.FP-ATR-SIGFOX1.3.2.0
2025-12-23 22:32:08,385 [WARN] PackLoader:240 - Cannot read IP mode file for ITTIA_DB.I-CUBE-ITTIADB.8.9.0
2025-12-23 22:32:08,406 [WARN] PackLoader:240 - Cannot read IP mode file for STMicroelectronics.X-CUBE-ST67W61.1.0.0
2025-12-23 22:32:08,414 [WARN] PackLoader:240 - Cannot read IP mode file for STMicroelectronics.X-CUBE-AI.10.2.0
2025-12-23 22:32:08,469 [WARN] PackLoader:240 - Cannot read IP mode file for SEGGER.I-CUBE-embOS.1.3.1
2025-12-23 22:32:08,509 [WARN] PackLoader:240 - Cannot read IP mode file for STMicroelectronics.X-CUBE-ALGOBUILD.1.4.0
2025-12-23 22:32:08,570 [WARN] PackLoader:240 - Cannot read IP mode file for STMicroelectronics.X-CUBE-MEMS1.11.3.0
2025-12-23 22:32:08,635 [WARN] PackLoader:240 - Cannot read IP mode file for STMicroelectronics.X-CUBE-PM33A1.1.0.0
2025-12-23 22:32:08,652 [WARN] PackLoader:240 - Cannot read IP mode file for STMicroelectronics.X-CUBE-AZRTOS-F4.1.1.0
2025-12-23 22:32:08,658 [WARN] PackLoader:240 - Cannot read IP mode file for Avnet-IotConnect.X-CUBE-IoTC-DA16k-PMOD.1.0.0
2025-12-23 22:32:08,660 [WARN] PackLoader:240 - Cannot read IP mode file for STMicroelectronics.X-CUBE-ISPU.2.1.0
2025-12-23 22:32:08,670 [WARN] PackLoader:240 - Cannot read IP mode file for STMicroelectronics.X-CUBE-IPS.3.2.0
2025-12-23 22:32:08,680 [WARN] PackLoader:240 - Cannot read IP mode file for STMicroelectronics.X-CUBE-NFC12.1.0.0
2025-12-23 22:32:08,709 [WARN] PackLoader:240 - Cannot read IP mode file for STMicroelectronics.X-CUBE-AZRTOS-L5.2.0.0
2025-12-23 22:32:08,725 [WARN] PackLoader:240 - Cannot read IP mode file for STMicroelectronics.X-CUBE-NFC6.3.1.0
2025-12-23 22:32:08,735 [WARN] PackLoader:240 - Cannot read IP mode file for STMicroelectronics.X-CUBE-FREERTOS.1.3.1
2025-12-23 22:32:08,741 [WARN] PackLoader:240 - Cannot read IP mode file for STMicroelectronics.X-CUBE-TOUCHGFX.4.26.0
2025-12-23 22:32:08,746 [WARN] PackLoader:240 - Cannot read IP mode file for STMicroelectronics.FP-SNS-STAIOTCFT.1.0.0
2025-12-23 22:32:08,754 [WARN] PackLoader:240 - Cannot read IP mode file for STMicroelectronics.X-CUBE-DPower.1.3.0
2025-12-23 22:32:08,773 [WARN] ConditionMgr:438 - getConditionDescription Invalid condition id : LAN8742 Phy interface Condition cause : null
2025-12-23 22:32:08,774 [WARN] PackLoader:240 - Cannot read IP mode file for STMicroelectronics.X-CUBE-AZRTOS-L4.2.0.0
2025-12-23 22:32:08,777 [WARN] ConditionMgr:1044 - genDependencies : Invalid condition id : LAN8742 Phy interface Condition cause : null
2025-12-23 22:32:08,777 [WARN] ConditionMgr:1044 - genDependencies : Invalid condition id : LAN8742 Phy interface Condition cause : null
2025-12-23 22:32:08,778 [WARN] ConditionMgr:1044 - genDependencies : Invalid condition id : LAN8742 Phy interface Condition cause : null
2025-12-23 22:32:08,786 [WARN] PackLoader:240 - Cannot read IP mode file for STMicroelectronics.X-CUBE-SFXS2LP1.4.0.0
2025-12-23 22:32:08,801 [WARN] PackLoader:240 - Cannot read IP mode file for STMicroelectronics.X-CUBE-BLEMGR.4.1.0
2025-12-23 22:32:08,828 [WARN] ConditionMgr:438 - getConditionDescription Invalid condition id : UX DEVICE CLASS RTOS Condition cause : null
2025-12-23 22:32:08,828 [WARN] ConditionMgr:438 - getConditionDescription Invalid condition id : UX DEVICE CLASS RTOS Condition cause : null
2025-12-23 22:32:08,831 [WARN] PackLoader:240 - Cannot read IP mode file for STMicroelectronics.X-CUBE-AZRTOS-WB.2.0.0
2025-12-23 22:32:08,832 [WARN] ConditionMgr:1044 - genDependencies : Invalid condition id : UX DEVICE CLASS RTOS Condition cause : null
2025-12-23 22:32:08,833 [WARN] ConditionMgr:1044 - genDependencies : Invalid condition id : UX DEVICE CLASS RTOS Condition cause : null
2025-12-23 22:32:08,833 [WARN] ConditionMgr:1044 - genDependencies : Invalid condition id : UX DEVICE CLASS RTOS Condition cause : null
2025-12-23 22:32:08,834 [WARN] ConditionMgr:1044 - genDependencies : Invalid condition id : UX DEVICE CLASS RTOS Condition cause : null
2025-12-23 22:32:08,834 [WARN] ConditionMgr:1044 - genDependencies : Invalid condition id : UX DEVICE CLASS RTOS Condition cause : null
2025-12-23 22:32:08,842 [WARN] PackLoader:240 - Cannot read IP mode file for STMicroelectronics.X-CUBE-GNSS1.7.0.1
2025-12-23 22:32:08,845 [WARN] PackLoader:240 - Cannot read IP mode file for STMicroelectronics.X-CUBE-TOUCHGFX.4.25.0
2025-12-23 22:32:08,848 [WARN] ConditionMgr:438 - getConditionDescription Invalid condition id : Cortex-A Device cause : null
2025-12-23 22:32:08,870 [WARN] ConditionMgr:1044 - genDependencies : Invalid condition id : Cortex-A Device cause : null
2025-12-23 22:32:08,870 [WARN] ConditionMgr:1044 - genDependencies : Invalid condition id : Cortex-A Device cause : null
2025-12-23 22:32:08,870 [WARN] ConditionMgr:1044 - genDependencies : Invalid condition id : Cortex-A Device cause : null
2025-12-23 22:32:08,880 [WARN] PackLoader:240 - Cannot read IP mode file for STMicroelectronics.X-CUBE-SUBG2.5.0.0
2025-12-23 22:32:08,902 [WARN] PackLoader:240 - Cannot read IP mode file for STMicroelectronics.X-CUBE-AZRTOS-H7RS.1.1.0
2025-12-23 22:32:08,907 [WARN] PackLoader:240 - Cannot read IP mode file for Cesanta.I-CUBE-Mongoose.7.13.0
2025-12-23 22:32:08,921 [WARN] PackLoader:240 - Cannot read IP mode file for STMicroelectronics.X-CUBE-AZRTOS-G4.2.0.0
2025-12-23 22:32:08,926 [WARN] PackLoader:240 - Cannot read IP mode file for wolfSSL.I-CUBE-wolfSSH.1.4.20
2025-12-23 22:32:08,928 [WARN] PackLoader:240 - Cannot read IP mode file for STMicroelectronics.X-CUBE-NFC7.2.0.0
2025-12-23 22:32:08,937 [WARN] PackLoader:240 - Cannot read IP mode file for STMicroelectronics.X-CUBE-IPS.3.1.0
2025-12-23 22:32:08,943 [WARN] PackLoader:240 - Cannot read IP mode file for STMicroelectronics.X-CUBE-ALS.1.0.2
2025-12-23 22:32:08,948 [WARN] PackLoader:240 - Cannot read IP mode file for STMicroelectronics.X-CUBE-STSE01.1.0.0
2025-12-23 22:32:08,963 [WARN] PackLoader:240 - Cannot read IP mode file for STMicroelectronics.X-CUBE-TOF1.3.4.3
2025-12-23 22:32:08,988 [INFO] ThirdParty:978 - Integrity check success = true
2025-12-23 22:32:08,988 [INFO] IntegrityCheckThread:100 - exiting critical section [integrity check]
2025-12-23 22:32:08,988 [INFO] IntegrityCheckThread:103 - End integrity checks thread
2025-12-23 22:32:10,848 [INFO] WebApp:169 - Instantiating new browser for Auth
2025-12-23 22:32:12,086 [INFO] WebApp:463 - Apply proxy settings
2025-12-23 22:32:12,099 [INFO] WebApp:508 - Chromium authenticates against Manually configured proxy
2025-12-23 22:32:12,114 [INFO] WebApp:516 - Username used for proxy authentication: 
2025-12-23 22:32:12,152 [INFO] WebApp:900 - Register for checkConnection events
2025-12-23 22:32:12,153 [INFO] WebApp:463 - Apply proxy settings
2025-12-23 22:32:12,156 [INFO] WebApp:508 - Chromium authenticates against Manually configured proxy
2025-12-23 22:32:12,157 [INFO] WebApp:516 - Username used for proxy authentication: 
2025-12-23 22:32:12,295 [INFO] WebApp:225 - Starting web application
2025-12-23 22:32:12,295 [INFO] WebApp:593 - Web application path used /Applications/STM32CubeIDE.app/Contents/Eclipse/plugins/com.st.stm32cube.common.mx_6.15.0.202507011659/db/plugins/mcufinder/reactClient1/index.html
2025-12-23 22:32:12,751 [INFO] WebApp:191 - Connection restablished
2025-12-23 22:32:12,926 [INFO] UserAuth:487 - Internet connection configuration mode: 1
2025-12-23 22:34:32,371 [INFO] Activator:176 - 


2025-12-23 22:34:32,373 [INFO] Activator:177 - !SESSION log4j initialized
2025-12-23 22:34:33,910 [INFO] LogOutputStream:77 - [STDOUT_REDIRECT] 
2025-12-23 22:34:35,014 [ERROR] LogOutputStream:75 - [STDERR_REDIRECT] 
2025-12-23 22:34:36,789 [INFO] LogOutputStream:77 - [STDOUT_REDIRECT] 
2025-12-23 22:34:38,401 [INFO] ApplicationProperties:184 - Using Application install path: /Applications/STM32CubeIDE.app/Contents/Eclipse/plugins/com.st.stm32cube.common.mx_6.15.0.202507011659
2025-12-23 22:34:38,413 [INFO] DbMcusXml:78 - Set database path to: /Applications/STM32CubeIDE.app/Contents/Eclipse/plugins/com.st.stm32cube.common.mx_6.15.0.202507011659//db//mcu/
2025-12-23 22:34:38,413 [INFO] ApiDb:274 - Set plugin database path to: /Applications/STM32CubeIDE.app/Contents/Eclipse/plugins/com.st.stm32cube.common.mx_6.15.0.202507011659//db//plugins/boardmanager/
2025-12-23 22:34:38,415 [WARN] ApiDb:259 - Overriding images path with different value:  => /Applications/STM32CubeIDE.app/Contents/Eclipse/plugins/com.st.stm32cube.common.mx_6.15.0.202507011659//db//plugins/mcufinder/images/
2025-12-23 22:34:38,418 [INFO] ApiDb:250 - Set database path to: /Users/krisko/.stmcufinder/plugins/mcufinder//mcu/
2025-12-23 22:34:38,419 [INFO] DbMcusAds:125 - Set database path to: /Users/krisko/.stmcufinder/plugins/mcufinder//mcu/
2025-12-23 22:34:38,420 [INFO] CrossReferenceDbSqlite:203 - Set database path to: /Users/krisko/.stmcufinder/plugins/mcufinder//mcu/cs/
2025-12-23 22:34:38,589 [INFO] RulesReader:64 - Compatibility file has been processed (317 Rules)
2025-12-23 22:34:38,638 [INFO] DbMcusXml:78 - Set database path to: /Applications/STM32CubeIDE.app/Contents/Eclipse/plugins/com.st.stm32cube.common.mx_6.15.0.202507011659//db//mcu/
2025-12-23 22:34:38,638 [INFO] ApiDb:274 - Set plugin database path to: /Applications/STM32CubeIDE.app/Contents/Eclipse/plugins/com.st.stm32cube.common.mx_6.15.0.202507011659//db//plugins/boardmanager/
2025-12-23 22:34:38,638 [INFO] ApiDb:261 - Set plugin images path to: /Applications/STM32CubeIDE.app/Contents/Eclipse/plugins/com.st.stm32cube.common.mx_6.15.0.202507011659//db//plugins/mcufinder/images/
2025-12-23 22:34:38,638 [WARN] DbFile:41 - Overriding database path with different value: /Users/krisko/.stmcufinder/plugins/mcufinder/ => /Users/krisko/.stmcufinder/plugins/mcufinder
2025-12-23 22:34:38,638 [INFO] ApiDb:250 - Set database path to: /Users/krisko/.stmcufinder/plugins/mcufinder//mcu/
2025-12-23 22:34:38,638 [WARN] DbFile:41 - Overriding database path with different value: /Users/krisko/.stmcufinder/plugins/mcufinder/ => /Users/krisko/.stmcufinder/plugins/mcufinder
2025-12-23 22:34:38,638 [INFO] DbMcusAds:125 - Set database path to: /Users/krisko/.stmcufinder/plugins/mcufinder//mcu/
2025-12-23 22:34:38,639 [WARN] DbFile:41 - Overriding database path with different value: /Users/krisko/.stmcufinder/plugins/mcufinder/ => /Users/krisko/.stmcufinder/plugins/mcufinder
2025-12-23 22:34:38,639 [WARN] DbFile:41 - Overriding database path with different value: /Users/krisko/.stmcufinder/plugins/mcufinder/ => /Users/krisko/.stmcufinder/plugins/mcufinder
2025-12-23 22:34:38,639 [INFO] CrossReferenceDbSqlite:203 - Set database path to: /Users/krisko/.stmcufinder/plugins/mcufinder//mcu/cs/
2025-12-23 22:34:38,700 [INFO] MainPanel:274 - HeapMemory: 268435456
2025-12-23 22:34:38,968 [INFO] DbMcusXml:78 - Set database path to: /Applications/STM32CubeIDE.app/Contents/Eclipse/plugins/com.st.stm32cube.common.mx_6.15.0.202507011659//db//mcu/
2025-12-23 22:34:38,969 [INFO] ApiDb:274 - Set plugin database path to: /Applications/STM32CubeIDE.app/Contents/Eclipse/plugins/com.st.stm32cube.common.mx_6.15.0.202507011659//db//plugins/boardmanager/
2025-12-23 22:34:38,969 [INFO] ApiDb:261 - Set plugin images path to: /Applications/STM32CubeIDE.app/Contents/Eclipse/plugins/com.st.stm32cube.common.mx_6.15.0.202507011659//db//plugins/mcufinder/images/
2025-12-23 22:34:38,969 [WARN] DbFile:41 - Overriding database path with different value: /Users/krisko/.stmcufinder/plugins/mcufinder/ => /Users/krisko/.stmcufinder/plugins/mcufinder
2025-12-23 22:34:38,969 [INFO] ApiDb:250 - Set database path to: /Users/krisko/.stmcufinder/plugins/mcufinder//mcu/
2025-12-23 22:34:38,969 [WARN] DbFile:41 - Overriding database path with different value: /Users/krisko/.stmcufinder/plugins/mcufinder/ => /Users/krisko/.stmcufinder/plugins/mcufinder
2025-12-23 22:34:38,970 [INFO] DbMcusAds:125 - Set database path to: /Users/krisko/.stmcufinder/plugins/mcufinder//mcu/
2025-12-23 22:34:38,970 [WARN] DbFile:41 - Overriding database path with different value: /Users/krisko/.stmcufinder/plugins/mcufinder/ => /Users/krisko/.stmcufinder/plugins/mcufinder
2025-12-23 22:34:38,970 [WARN] DbFile:41 - Overriding database path with different value: /Users/krisko/.stmcufinder/plugins/mcufinder/ => /Users/krisko/.stmcufinder/plugins/mcufinder
2025-12-23 22:34:38,970 [INFO] CrossReferenceDbSqlite:203 - Set database path to: /Users/krisko/.stmcufinder/plugins/mcufinder//mcu/cs/
2025-12-23 22:34:38,982 [INFO] ApplicationProperties:184 - Using Application install path: /Applications/STM32CubeIDE.app/Contents/Eclipse/plugins/com.st.stm32cube.common.mx_6.15.0.202507011659
2025-12-23 22:34:38,983 [INFO] PluginManage:196 - Search for loadable plugins [exclusion list=, ]
2025-12-23 22:34:38,986 [INFO] PluginManage:310 - Check plugin analytics
2025-12-23 22:34:39,181 [INFO] AnalyticsPlugin:253 - Accepted Software Licenses: 
2025-12-23 22:34:39,181 [INFO] AnalyticsPlugin:255 - Accepted CMSIS Pack Licenses: 
2025-12-23 22:34:39,181 [INFO] AnalyticsPlugin:257 - Accepted Firmware Licenses: FW.L5.1.5.0,FW.H7.1.12.0
2025-12-23 22:34:39,185 [INFO] PluginManage:359 - Loaded plugin analytics (category:tool,tabindex:-1)
2025-12-23 22:34:39,185 [INFO] PluginManage:310 - Check plugin cadmodel
2025-12-23 22:34:39,195 [INFO] CADModel:105 - Init CAD model plugin
2025-12-23 22:34:39,195 [INFO] PluginManage:359 - Loaded plugin cadmodel (category:power,tabindex:5)
2025-12-23 22:34:39,195 [INFO] PluginManage:310 - Check plugin clock
2025-12-23 22:34:39,203 [INFO] PluginManage:359 - Loaded plugin clock (category:base,tabindex:2)
2025-12-23 22:34:39,203 [INFO] PluginManage:310 - Check plugin ddr
2025-12-23 22:34:39,205 [INFO] PluginManage:359 - Loaded plugin ddr (category:tool,tabindex:6)
2025-12-23 22:34:39,205 [INFO] PluginManage:310 - Check plugin filemanager
2025-12-23 22:34:39,616 [INFO] PluginManage:359 - Loaded plugin filemanager (category:base,tabindex:10)
2025-12-23 22:34:39,620 [INFO] PluginManage:310 - Check plugin ipmanager
2025-12-23 22:34:39,667 [INFO] PluginManage:359 - Loaded plugin ipmanager (category:base,tabindex:5)
2025-12-23 22:34:39,669 [INFO] PluginManage:310 - Check plugin lpbam
2025-12-23 22:34:39,694 [INFO] PluginManage:359 - Loaded plugin lpbam (category:base,tabindex:0)
2025-12-23 22:34:39,694 [INFO] PluginManage:310 - Check plugin memorymap
2025-12-23 22:34:39,705 [INFO] PluginManage:359 - Loaded plugin memorymap (category:base,tabindex:4)
2025-12-23 22:34:39,705 [INFO] PluginManage:310 - Check plugin pinoutandconfiguration
2025-12-23 22:34:39,712 [INFO] PluginManage:359 - Loaded plugin pinoutandconfiguration (category:base,tabindex:1)
2025-12-23 22:34:39,712 [INFO] PluginManage:310 - Check plugin pinoutconfig
2025-12-23 22:34:39,813 [WARN] SupportedApi:132 - Cannot load RTOS API schema: s4s-elt-must-match.1: The content of 'definitions' must match (annotation?, (simpleType | complexType)?, (unique | key | keyref)*)). A problem was found starting at: attribute.
2025-12-23 22:34:39,972 [INFO] PluginManage:359 - Loaded plugin pinoutconfig (category:base,tabindex:0)
2025-12-23 22:34:39,973 [INFO] PluginManage:310 - Check plugin power
2025-12-23 22:34:39,982 [INFO] PluginManage:359 - Loaded plugin power (category:power,tabindex:4)
2025-12-23 22:34:39,982 [INFO] PluginManage:310 - Check plugin projectmanager
2025-12-23 22:34:40,016 [INFO] PluginManage:359 - Loaded plugin projectmanager (category:projectmanager,tabindex:4)
2025-12-23 22:34:40,017 [INFO] PluginManage:310 - Check plugin rif
2025-12-23 22:34:40,023 [INFO] PluginManage:359 - Loaded plugin rif (category:base,tabindex:3)
2025-12-23 22:34:40,023 [INFO] PluginManage:310 - Check plugin thirdparty
2025-12-23 22:34:40,183 [INFO] PluginManage:359 - Loaded plugin thirdparty (category:base,tabindex:-1)
2025-12-23 22:34:40,184 [INFO] PluginManage:310 - Check plugin tools
2025-12-23 22:34:40,188 [INFO] PluginManage:359 - Loaded plugin tools (category:base,tabindex:7)
2025-12-23 22:34:40,188 [INFO] PluginManage:310 - Check plugin tutovideos
2025-12-23 22:34:40,183 [WARN] IntegrityCheckThread:84 - waiting for thirdparty lock release [integrity check]
2025-12-23 22:34:40,189 [INFO] IntegrityCheckThread:86 - entering critical section [integrity check]
2025-12-23 22:34:40,190 [INFO] ThirdPartyUpdaterWithRetryManager:70 - Updater plugin not ready yet. [1/15]
2025-12-23 22:34:40,347 [INFO] PluginManage:359 - Loaded plugin tutovideos (category:base,tabindex:-1)
2025-12-23 22:34:40,347 [INFO] PluginManage:310 - Check plugin updater
2025-12-23 22:34:40,373 [INFO] PluginManage:359 - Loaded plugin updater (category:base,tabindex:12)
2025-12-23 22:34:40,374 [INFO] PluginManage:310 - Check plugin userauth
2025-12-23 22:34:40,381 [INFO] UserAuth:118 - Init User Auth plugin
2025-12-23 22:34:40,383 [INFO] PluginManage:359 - Loaded plugin userauth (category:base,tabindex:14)
2025-12-23 22:34:40,385 [INFO] PluginManage:283 - PluginManage : Loaded plugins [18]
2025-12-23 22:34:40,579 [INFO] PinOutPanel:1589 - setPackage(No Configuration,No Configuration)
2025-12-23 22:34:40,633 [INFO] CADModel:165 - CPN selected for project level
2025-12-23 22:34:40,634 [INFO] CADModel:114 - Register for checkConnection events
2025-12-23 22:34:40,642 [INFO] IPUIPlugin:80 - create IPUIPlugin
2025-12-23 22:34:40,642 [INFO] PluginManager:220 - loadIPPluginJar : add mdma
2025-12-23 22:34:40,646 [INFO] IPUIPlugin:80 - create IPUIPlugin
2025-12-23 22:34:40,647 [INFO] PluginManager:220 - loadIPPluginJar : add freertos
2025-12-23 22:34:40,650 [INFO] IPUIPlugin:80 - create IPUIPlugin
2025-12-23 22:34:40,651 [INFO] PluginManager:220 - loadIPPluginJar : add gic
2025-12-23 22:34:40,656 [INFO] IPUIPlugin:80 - create IPUIPlugin
2025-12-23 22:34:40,656 [INFO] PluginManager:220 - loadIPPluginJar : add adc
2025-12-23 22:34:40,657 [INFO] IPUIPlugin:80 - create IPUIPlugin
2025-12-23 22:34:40,658 [INFO] PluginManager:220 - loadIPPluginJar : add gtzc
2025-12-23 22:34:40,658 [INFO] IPUIPlugin:80 - create IPUIPlugin
2025-12-23 22:34:40,658 [INFO] PluginManager:220 - loadIPPluginJar : add quadspi
2025-12-23 22:34:40,659 [INFO] IPUIPlugin:80 - create IPUIPlugin
2025-12-23 22:34:40,659 [INFO] PluginManager:220 - loadIPPluginJar : add aes
2025-12-23 22:34:40,660 [INFO] IPUIPlugin:80 - create IPUIPlugin
2025-12-23 22:34:40,660 [INFO] PluginManager:220 - loadIPPluginJar : add pdm2pcm
2025-12-23 22:34:40,661 [INFO] IPUIPlugin:80 - create IPUIPlugin
2025-12-23 22:34:40,661 [INFO] PluginManager:220 - loadIPPluginJar : add hash
2025-12-23 22:34:40,662 [INFO] IPUIPlugin:80 - create IPUIPlugin
2025-12-23 22:34:40,662 [INFO] PluginManager:220 - loadIPPluginJar : add tim
2025-12-23 22:34:40,663 [INFO] IPUIPlugin:80 - create IPUIPlugin
2025-12-23 22:34:40,663 [INFO] PluginManager:220 - loadIPPluginJar : add tsc
2025-12-23 22:34:40,664 [INFO] IPUIPlugin:80 - create IPUIPlugin
2025-12-23 22:34:40,664 [INFO] PluginManager:220 - loadIPPluginJar : add extmemmanager
2025-12-23 22:34:40,666 [INFO] IPUIPlugin:80 - create IPUIPlugin
2025-12-23 22:34:40,666 [INFO] PluginManager:220 - loadIPPluginJar : add ts
2025-12-23 22:34:40,666 [INFO] IPUIPlugin:80 - create IPUIPlugin
2025-12-23 22:34:40,667 [INFO] PluginManager:220 - loadIPPluginJar : add radio
2025-12-23 22:34:40,668 [INFO] IPUIPlugin:80 - create IPUIPlugin
2025-12-23 22:34:40,668 [INFO] PluginManager:220 - loadIPPluginJar : add can
2025-12-23 22:34:40,669 [INFO] IPUIPlugin:80 - create IPUIPlugin
2025-12-23 22:34:40,669 [INFO] PluginManager:220 - loadIPPluginJar : add dma3
2025-12-23 22:34:40,670 [INFO] IPUIPlugin:80 - create IPUIPlugin
2025-12-23 22:34:40,670 [INFO] PluginManager:220 - loadIPPluginJar : add dfsdm
2025-12-23 22:34:40,671 [INFO] IPUIPlugin:80 - create IPUIPlugin
2025-12-23 22:34:40,671 [INFO] PluginManager:220 - loadIPPluginJar : add spi
2025-12-23 22:34:40,672 [INFO] IPUIPlugin:80 - create IPUIPlugin
2025-12-23 22:34:40,672 [INFO] PluginManager:220 - loadIPPluginJar : add gfxmmu
2025-12-23 22:34:40,673 [INFO] IPUIPlugin:80 - create IPUIPlugin
2025-12-23 22:34:40,673 [INFO] PluginManager:220 - loadIPPluginJar : add genericplugin
2025-12-23 22:34:40,674 [INFO] IPUIPlugin:80 - create IPUIPlugin
2025-12-23 22:34:40,674 [INFO] PluginManager:220 - loadIPPluginJar : add cryp
2025-12-23 22:34:40,676 [INFO] IPUIPlugin:80 - create IPUIPlugin
2025-12-23 22:34:40,677 [INFO] PluginManager:220 - loadIPPluginJar : add gpio
2025-12-23 22:34:40,678 [INFO] IPUIPlugin:80 - create IPUIPlugin
2025-12-23 22:34:40,679 [INFO] PluginManager:220 - loadIPPluginJar : add ddr_ctrl_phy
2025-12-23 22:34:40,679 [INFO] IPUIPlugin:80 - create IPUIPlugin
2025-12-23 22:34:40,680 [INFO] PluginManager:220 - loadIPPluginJar : add comp
2025-12-23 22:34:40,681 [INFO] IPUIPlugin:80 - create IPUIPlugin
2025-12-23 22:34:40,681 [INFO] PluginManager:220 - loadIPPluginJar : add tracer_emb
2025-12-23 22:34:40,682 [INFO] IPUIPlugin:80 - create IPUIPlugin
2025-12-23 22:34:40,682 [INFO] PluginManager:220 - loadIPPluginJar : add openamp
2025-12-23 22:34:40,685 [INFO] IPUIPlugin:80 - create IPUIPlugin
2025-12-23 22:34:40,685 [INFO] PluginManager:220 - loadIPPluginJar : add stm32_wpan
2025-12-23 22:34:40,687 [INFO] IPUIPlugin:80 - create IPUIPlugin
2025-12-23 22:34:40,690 [INFO] PluginManager:220 - loadIPPluginJar : add plateformsettings
2025-12-23 22:34:40,692 [INFO] IPUIPlugin:80 - create IPUIPlugin
2025-12-23 22:34:40,692 [INFO] PluginManager:220 - loadIPPluginJar : add ipddr
2025-12-23 22:34:40,693 [INFO] IPUIPlugin:80 - create IPUIPlugin
2025-12-23 22:34:40,693 [INFO] PluginManager:220 - loadIPPluginJar : add usart
2025-12-23 22:34:40,693 [INFO] IPUIPlugin:80 - create IPUIPlugin
2025-12-23 22:34:40,693 [INFO] PluginManager:220 - loadIPPluginJar : add ltdc
2025-12-23 22:34:40,695 [INFO] IPUIPlugin:80 - create IPUIPlugin
2025-12-23 22:34:40,695 [INFO] PluginManager:220 - loadIPPluginJar : add nvic
2025-12-23 22:34:40,695 [INFO] IPUIPlugin:80 - create IPUIPlugin
2025-12-23 22:34:40,695 [INFO] PluginManager:220 - loadIPPluginJar : add fatfs
2025-12-23 22:34:40,698 [INFO] IPUIPlugin:80 - create IPUIPlugin
2025-12-23 22:34:40,698 [INFO] PluginManager:220 - loadIPPluginJar : add linkedlist
2025-12-23 22:34:40,701 [INFO] IPUIPlugin:80 - create IPUIPlugin
2025-12-23 22:34:40,701 [INFO] PluginManager:220 - loadIPPluginJar : add dma
2025-12-23 22:34:40,703 [INFO] IPUIPlugin:80 - create IPUIPlugin
2025-12-23 22:34:40,703 [INFO] PluginManager:220 - loadIPPluginJar : add fmc
2025-12-23 22:34:40,704 [INFO] IPUIPlugin:80 - create IPUIPlugin
2025-12-23 22:34:40,704 [INFO] PluginManager:220 - loadIPPluginJar : add i2s
2025-12-23 22:34:40,704 [INFO] IPUIPlugin:80 - create IPUIPlugin
2025-12-23 22:34:40,704 [INFO] PluginManager:220 - loadIPPluginJar : add ucpd
2025-12-23 22:34:40,705 [INFO] IPUIPlugin:80 - create IPUIPlugin
2025-12-23 22:34:40,705 [INFO] PluginManager:220 - loadIPPluginJar : add lorawan
2025-12-23 22:34:40,706 [INFO] IPUIPlugin:80 - create IPUIPlugin
2025-12-23 22:34:40,707 [INFO] PluginManager:220 - loadIPPluginJar : add opamp
2025-12-23 22:34:40,709 [INFO] IPUIPlugin:80 - create IPUIPlugin
2025-12-23 22:34:40,709 [INFO] PluginManager:220 - loadIPPluginJar : add i3c
2025-12-23 22:34:40,710 [INFO] IPUIPlugin:80 - create IPUIPlugin
2025-12-23 22:34:40,711 [INFO] PluginManager:220 - loadIPPluginJar : add touchsensing
2025-12-23 22:34:40,712 [INFO] IPUIPlugin:80 - create IPUIPlugin
2025-12-23 22:34:40,712 [INFO] PluginManager:220 - loadIPPluginJar : add i2c
2025-12-23 22:34:40,713 [INFO] IPUIPlugin:80 - create IPUIPlugin
2025-12-23 22:34:40,713 [INFO] PluginManager:220 - loadIPPluginJar : add resmgrutility
2025-12-23 22:34:40,714 [INFO] IPUIPlugin:80 - create IPUIPlugin
2025-12-23 22:34:40,714 [INFO] PluginManager:220 - loadIPPluginJar : add sai
2025-12-23 22:34:40,715 [INFO] IPUIPlugin:80 - create IPUIPlugin
2025-12-23 22:34:40,716 [INFO] PluginManager:220 - loadIPPluginJar : add usbx
2025-12-23 22:34:40,827 [FATAL] Updater:351 - Updater called before beeing initialized
2025-12-23 22:34:40,876 [INFO] RulesReader:64 - Compatibility file has been processed (317 Rules)
2025-12-23 22:34:40,888 [INFO] RulesReader:64 - Compatibility file has been processed (317 Rules)
2025-12-23 22:34:40,895 [INFO] CADModel:165 - CPN selected for project level
2025-12-23 22:34:40,895 [INFO] CADModel:114 - Register for checkConnection events
2025-12-23 22:34:40,896 [FATAL] Updater:351 - Updater called before beeing initialized
2025-12-23 22:34:40,896 [ERROR] CADModel:125 - Updater not yet initialized, retry later 
2025-12-23 22:34:41,092 [FATAL] Updater:351 - Updater called before beeing initialized
2025-12-23 22:34:41,094 [INFO] CADModel:165 - CPN selected for project level
2025-12-23 22:34:41,094 [INFO] CADModel:114 - Register for checkConnection events
2025-12-23 22:34:41,094 [FATAL] Updater:351 - Updater called before beeing initialized
2025-12-23 22:34:41,094 [ERROR] CADModel:125 - Updater not yet initialized, retry later 
2025-12-23 22:34:41,096 [FATAL] Updater:351 - Updater called before beeing initialized
2025-12-23 22:34:41,235 [FATAL] Updater:351 - Updater called before beeing initialized
2025-12-23 22:34:41,240 [INFO] DbMcusAds:53 - JSON generation date=Mon Dec 15 18:11:46 EST 2025 (1765840306612)
2025-12-23 22:34:41,240 [FATAL] Updater:351 - Updater called before beeing initialized
2025-12-23 22:34:41,281 [WARN] DetailPanel:346 - Failed to get advertising image, set to default
2025-12-23 22:34:41,340 [FATAL] Updater:351 - Updater called before beeing initialized
2025-12-23 22:34:41,343 [FATAL] Updater:351 - Updater called before beeing initialized
2025-12-23 22:34:41,344 [FATAL] Updater:351 - Updater called before beeing initialized
2025-12-23 22:34:41,344 [WARN] DetailPanel:346 - Failed to get advertising image, set to default
2025-12-23 22:34:41,347 [FATAL] Updater:351 - Updater called before beeing initialized
2025-12-23 22:34:41,402 [ERROR] Updater:1198 - MainUpdater not yet initialized. External WinMGr cannot be set.
2025-12-23 22:34:41,410 [INFO] Updater:1134 - Updater Version found : 6.15.0
2025-12-23 22:34:41,420 [INFO] ApplicationProperties:184 - Using Application install path: /Applications/STM32CubeIDE.app/Contents/Eclipse/plugins/com.st.stm32cube.common.mx_6.15.0.202507011659
2025-12-23 22:34:41,727 [INFO] MainUpdater:2872 - connection check result : 10
2025-12-23 22:34:41,728 [INFO] MainUpdater:289 - Updater Check For Update Now.
2025-12-23 22:34:41,728 [INFO] MicroXplorer:498 - Change Database Version : DB.6.0.150
2025-12-23 22:34:41,736 [INFO] McuFinderGlobals:63 - Set McuFinder mode to 2 (CubeIDE integrated)
2025-12-23 22:34:41,737 [INFO] UserAuth:487 - Internet connection configuration mode: 1
2025-12-23 22:34:41,753 [INFO] JxBrowserEngine:152 - Initiate JxBrowser Engine with user profile folder
2025-12-23 22:34:41,983 [INFO] CheckServerUpdateThread:120 - End of CheckServer Thread
2025-12-23 22:34:43,396 [WARN] PackLoader:240 - Cannot read IP mode file for STMicroelectronics.FP-SNS-MOTENVWB1.1.4.0
2025-12-23 22:34:43,413 [WARN] PackLoader:240 - Cannot read IP mode file for STMicroelectronics.FP-ATR-ASTRA1.2.0.2
2025-12-23 22:34:43,425 [WARN] PackLoader:240 - Cannot read IP mode file for STMicroelectronics.X-CUBE-SMBUS.2.1.0
2025-12-23 22:34:43,433 [WARN] PackLoader:240 - Cannot read IP mode file for STMicroelectronics.X-CUBE-ST60.1.0.0
2025-12-23 22:34:43,479 [WARN] PackLoader:240 - Cannot read IP mode file for STMicroelectronics.X-CUBE-AZRTOS-F7.1.1.0
2025-12-23 22:34:43,510 [WARN] PackLoader:240 - Cannot read IP mode file for STMicroelectronics.FP-SNS-MOTENV1.5.1.0
2025-12-23 22:34:43,529 [WARN] PackLoader:240 - Cannot read IP mode file for WES.I-CUBE-Cesium.1.4.0
2025-12-23 22:34:43,580 [WARN] PackLoader:240 - Cannot read IP mode file for Infineon.AIROC-Wi-Fi-Bluetooth-STM32.1.7.1
2025-12-23 22:34:43,644 [WARN] PackLoader:240 - Cannot read IP mode file for STMicroelectronics.X-CUBE-AZRTOS-H7.3.4.0
2025-12-23 22:34:43,675 [WARN] PackLoader:240 - Cannot read IP mode file for STMicroelectronics.X-CUBE-DISPLAY.3.0.0
2025-12-23 22:34:43,707 [WARN] PackLoader:240 - Cannot read IP mode file for STMicroelectronics.X-CUBE-NFC10.1.0.0
2025-12-23 22:34:43,721 [WARN] PackLoader:240 - Cannot read IP mode file for STMicroelectronics.X-CUBE-ST60.1.1.0
2025-12-23 22:34:43,731 [WARN] PackLoader:240 - Cannot read IP mode file for emotas.I-CUBE-CANOPEN.1.3.0
2025-12-23 22:34:43,743 [WARN] PackLoader:240 - Cannot read IP mode file for STMicroelectronics.X-CUBE-GNSS1.7.1.0
2025-12-23 22:34:43,753 [WARN] PackLoader:240 - Cannot read IP mode file for STMicroelectronics.FP-SNS-STBOX1.2.1.0
2025-12-23 22:34:43,759 [WARN] PackLoader:240 - Cannot read IP mode file for STMicroelectronics.FP-SNS-SMARTAG2.1.2.0
2025-12-23 22:34:43,763 [WARN] PackLoader:240 - Cannot read IP mode file for STMicroelectronics.FP-SNS-FLIGHT1.5.1.0
2025-12-23 22:34:43,772 [INFO] LogOutputStream:77 - [STDOUT_REDIRECT] 1 : Invalid condition id : UX_CORESTACK_Condition cause : null
2025-12-23 22:34:43,773 [INFO] LogOutputStream:77 - [STDOUT_REDIRECT] 1 : Invalid condition id : UX_CORESTACK_Condition cause : null
2025-12-23 22:34:43,774 [INFO] LogOutputStream:77 - [STDOUT_REDIRECT] 1 : Invalid condition id : UX_CORESTACK_Condition cause : null
2025-12-23 22:34:43,774 [INFO] LogOutputStream:77 - [STDOUT_REDIRECT] 1 : Invalid condition id : UX_CORESTACK_Condition cause : null
2025-12-23 22:34:43,774 [INFO] LogOutputStream:77 - [STDOUT_REDIRECT] 1 : Invalid condition id : UX_CORESTACK_Condition cause : null
2025-12-23 22:34:43,779 [WARN] PackLoader:240 - Cannot read IP mode file for STMicroelectronics.X-CUBE-AZRTOS-WL.2.0.0
2025-12-23 22:34:43,791 [WARN] PackLoader:240 - Cannot read IP mode file for STMicroelectronics.FP-SNS-MOTENV1.5.0.0
2025-12-23 22:34:43,828 [WARN] PackLoader:240 - Cannot read IP mode file for STMicroelectronics.X-CUBE-AZRTOS-H7RS.1.2.0
2025-12-23 22:34:43,839 [WARN] PackLoader:240 - Cannot read IP mode file for STMicroelectronics.X-CUBE-BLE2.3.3.0
2025-12-23 22:34:43,865 [WARN] PackLoader:240 - Cannot read IP mode file for STMicroelectronics.X-CUBE-NFC9.1.0.0
2025-12-23 22:34:43,874 [WARN] PackLoader:240 - Cannot read IP mode file for wolfSSL.I-CUBE-wolfSSL.5.8.2
2025-12-23 22:34:43,887 [WARN] PackLoader:240 - Cannot read IP mode file for STMicroelectronics.X-CUBE-BLE1.7.1.0
2025-12-23 22:34:43,898 [WARN] PackLoader:240 - Cannot read IP mode file for wolfSSL.I-CUBE-wolfMQTT.1.19.2
2025-12-23 22:34:43,917 [WARN] PackLoader:240 - Cannot read IP mode file for STMicroelectronics.X-CUBE-FREERTOS.1.4.0
2025-12-23 22:34:43,932 [WARN] PackLoader:240 - Cannot read IP mode file for STMicroelectronics.X-CUBE-EEPRMA1.5.2.0
2025-12-23 22:34:43,945 [WARN] PackLoader:240 - Cannot read IP mode file for STMicroelectronics.X-CUBE-ST67W61.1.1.0
2025-12-23 22:34:44,022 [WARN] PackLoader:240 - Cannot read IP mode file for STMicroelectronics.X-CUBE-MEMS1.12.0.0
2025-12-23 22:34:44,124 [WARN] PackLoader:240 - Cannot read IP mode file for STMicroelectronics.X-CUBE-AZRTOS-G0.1.1.0
2025-12-23 22:34:44,135 [WARN] PackLoader:240 - Cannot read IP mode file for STMicroelectronics.X-CUBE-SAFEA1.1.2.2
2025-12-23 22:34:44,140 [WARN] PackLoader:240 - Cannot read IP mode file for STMicroelectronics.X-CUBE-NFC4.3.0.0
2025-12-23 22:34:44,152 [WARN] PackLoader:240 - Cannot read IP mode file for EmbeddedOffice.I-CUBE-FS-RTOS.1.0.1
2025-12-23 22:34:44,161 [WARN] PackLoader:240 - Cannot read IP mode file for STMicroelectronics.X-CUBE-WB05N.2.0.0
2025-12-23 22:34:44,170 [WARN] PackLoader:240 - Cannot read IP mode file for wolfSSL.I-CUBE-wolfTPM.3.8.0
2025-12-23 22:34:44,175 [WARN] PackLoader:240 - Cannot read IP mode file for STMicroelectronics.X-CUBE-TCPP.4.2.0
2025-12-23 22:34:44,178 [WARN] PackLoader:240 - Cannot read IP mode file for RealThread.X-CUBE-RT-Thread_Nano.4.1.1
2025-12-23 22:34:44,181 [WARN] PackLoader:240 - Cannot read IP mode file for STMicroelectronics.FP-ATR-SIGFOX1.3.2.0
2025-12-23 22:34:44,185 [WARN] PackLoader:240 - Cannot read IP mode file for ITTIA_DB.I-CUBE-ITTIADB.8.9.0
2025-12-23 22:34:44,195 [WARN] PackLoader:240 - Cannot read IP mode file for STMicroelectronics.X-CUBE-ST67W61.1.0.0
2025-12-23 22:34:44,205 [WARN] PackLoader:240 - Cannot read IP mode file for STMicroelectronics.X-CUBE-AI.10.2.0
2025-12-23 22:34:44,256 [WARN] PackLoader:240 - Cannot read IP mode file for SEGGER.I-CUBE-embOS.1.3.1
2025-12-23 22:34:44,537 [WARN] PackLoader:240 - Cannot read IP mode file for STMicroelectronics.X-CUBE-ALGOBUILD.1.4.0
2025-12-23 22:34:44,646 [WARN] PackLoader:240 - Cannot read IP mode file for STMicroelectronics.X-CUBE-MEMS1.11.3.0
2025-12-23 22:34:44,721 [WARN] PackLoader:240 - Cannot read IP mode file for STMicroelectronics.X-CUBE-PM33A1.1.0.0
2025-12-23 22:34:44,744 [WARN] PackLoader:240 - Cannot read IP mode file for STMicroelectronics.X-CUBE-AZRTOS-F4.1.1.0
2025-12-23 22:34:44,756 [WARN] PackLoader:240 - Cannot read IP mode file for Avnet-IotConnect.X-CUBE-IoTC-DA16k-PMOD.1.0.0
2025-12-23 22:34:44,763 [WARN] PackLoader:240 - Cannot read IP mode file for STMicroelectronics.X-CUBE-ISPU.2.1.0
2025-12-23 22:34:44,775 [WARN] PackLoader:240 - Cannot read IP mode file for STMicroelectronics.X-CUBE-IPS.3.2.0
2025-12-23 22:34:44,790 [WARN] PackLoader:240 - Cannot read IP mode file for STMicroelectronics.X-CUBE-NFC12.1.0.0
2025-12-23 22:34:44,826 [WARN] PackLoader:240 - Cannot read IP mode file for STMicroelectronics.X-CUBE-AZRTOS-L5.2.0.0
2025-12-23 22:34:44,837 [WARN] PackLoader:240 - Cannot read IP mode file for STMicroelectronics.X-CUBE-NFC6.3.1.0
2025-12-23 22:34:44,849 [WARN] PackLoader:240 - Cannot read IP mode file for STMicroelectronics.X-CUBE-FREERTOS.1.3.1
2025-12-23 22:34:44,863 [WARN] PackLoader:240 - Cannot read IP mode file for STMicroelectronics.X-CUBE-TOUCHGFX.4.26.0
2025-12-23 22:34:44,870 [WARN] PackLoader:240 - Cannot read IP mode file for STMicroelectronics.FP-SNS-STAIOTCFT.1.0.0
2025-12-23 22:34:44,881 [WARN] PackLoader:240 - Cannot read IP mode file for STMicroelectronics.X-CUBE-DPower.1.3.0
2025-12-23 22:34:44,901 [WARN] ConditionMgr:438 - getConditionDescription Invalid condition id : LAN8742 Phy interface Condition cause : null
2025-12-23 22:34:44,903 [WARN] PackLoader:240 - Cannot read IP mode file for STMicroelectronics.X-CUBE-AZRTOS-L4.2.0.0
2025-12-23 22:34:44,905 [WARN] ConditionMgr:1044 - genDependencies : Invalid condition id : LAN8742 Phy interface Condition cause : null
2025-12-23 22:34:44,906 [WARN] ConditionMgr:1044 - genDependencies : Invalid condition id : LAN8742 Phy interface Condition cause : null
2025-12-23 22:34:44,907 [WARN] ConditionMgr:1044 - genDependencies : Invalid condition id : LAN8742 Phy interface Condition cause : null
2025-12-23 22:34:44,914 [WARN] PackLoader:240 - Cannot read IP mode file for STMicroelectronics.X-CUBE-SFXS2LP1.4.0.0
2025-12-23 22:34:44,932 [WARN] PackLoader:240 - Cannot read IP mode file for STMicroelectronics.X-CUBE-BLEMGR.4.1.0
2025-12-23 22:34:44,949 [WARN] ConditionMgr:438 - getConditionDescription Invalid condition id : UX DEVICE CLASS RTOS Condition cause : null
2025-12-23 22:34:44,949 [WARN] ConditionMgr:438 - getConditionDescription Invalid condition id : UX DEVICE CLASS RTOS Condition cause : null
2025-12-23 22:34:44,953 [WARN] PackLoader:240 - Cannot read IP mode file for STMicroelectronics.X-CUBE-AZRTOS-WB.2.0.0
2025-12-23 22:34:44,955 [WARN] ConditionMgr:1044 - genDependencies : Invalid condition id : UX DEVICE CLASS RTOS Condition cause : null
2025-12-23 22:34:44,955 [WARN] ConditionMgr:1044 - genDependencies : Invalid condition id : UX DEVICE CLASS RTOS Condition cause : null
2025-12-23 22:34:44,956 [WARN] ConditionMgr:1044 - genDependencies : Invalid condition id : UX DEVICE CLASS RTOS Condition cause : null
2025-12-23 22:34:44,956 [WARN] ConditionMgr:1044 - genDependencies : Invalid condition id : UX DEVICE CLASS RTOS Condition cause : null
2025-12-23 22:34:44,956 [WARN] ConditionMgr:1044 - genDependencies : Invalid condition id : UX DEVICE CLASS RTOS Condition cause : null
2025-12-23 22:34:44,964 [WARN] PackLoader:240 - Cannot read IP mode file for STMicroelectronics.X-CUBE-GNSS1.7.0.1
2025-12-23 22:34:44,970 [WARN] PackLoader:240 - Cannot read IP mode file for STMicroelectronics.X-CUBE-TOUCHGFX.4.25.0
2025-12-23 22:34:44,973 [WARN] ConditionMgr:438 - getConditionDescription Invalid condition id : Cortex-A Device cause : null
2025-12-23 22:34:45,013 [WARN] ConditionMgr:1044 - genDependencies : Invalid condition id : Cortex-A Device cause : null
2025-12-23 22:34:45,013 [WARN] ConditionMgr:1044 - genDependencies : Invalid condition id : Cortex-A Device cause : null
2025-12-23 22:34:45,013 [WARN] ConditionMgr:1044 - genDependencies : Invalid condition id : Cortex-A Device cause : null
2025-12-23 22:34:45,035 [WARN] PackLoader:240 - Cannot read IP mode file for STMicroelectronics.X-CUBE-SUBG2.5.0.0
2025-12-23 22:34:45,059 [WARN] PackLoader:240 - Cannot read IP mode file for STMicroelectronics.X-CUBE-AZRTOS-H7RS.1.1.0
2025-12-23 22:34:45,065 [WARN] PackLoader:240 - Cannot read IP mode file for Cesanta.I-CUBE-Mongoose.7.13.0
2025-12-23 22:34:45,079 [WARN] PackLoader:240 - Cannot read IP mode file for STMicroelectronics.X-CUBE-AZRTOS-G4.2.0.0
2025-12-23 22:34:45,085 [WARN] PackLoader:240 - Cannot read IP mode file for wolfSSL.I-CUBE-wolfSSH.1.4.20
2025-12-23 22:34:45,088 [WARN] PackLoader:240 - Cannot read IP mode file for STMicroelectronics.X-CUBE-NFC7.2.0.0
2025-12-23 22:34:45,098 [WARN] PackLoader:240 - Cannot read IP mode file for STMicroelectronics.X-CUBE-IPS.3.1.0
2025-12-23 22:34:45,104 [WARN] PackLoader:240 - Cannot read IP mode file for STMicroelectronics.X-CUBE-ALS.1.0.2
2025-12-23 22:34:45,112 [WARN] PackLoader:240 - Cannot read IP mode file for STMicroelectronics.X-CUBE-STSE01.1.0.0
2025-12-23 22:34:45,122 [WARN] PackLoader:240 - Cannot read IP mode file for STMicroelectronics.X-CUBE-TOF1.3.4.3
2025-12-23 22:34:45,145 [INFO] ThirdParty:978 - Integrity check success = true
2025-12-23 22:34:45,146 [INFO] IntegrityCheckThread:100 - exiting critical section [integrity check]
2025-12-23 22:34:45,146 [INFO] IntegrityCheckThread:103 - End integrity checks thread
2025-12-23 22:34:45,690 [INFO] WebApp:169 - Instantiating new browser for Auth
2025-12-23 22:34:46,762 [INFO] WebApp:463 - Apply proxy settings
2025-12-23 22:34:46,773 [INFO] WebApp:508 - Chromium authenticates against Manually configured proxy
2025-12-23 22:34:46,787 [INFO] WebApp:516 - Username used for proxy authentication: 
2025-12-23 22:34:46,825 [INFO] WebApp:900 - Register for checkConnection events
2025-12-23 22:34:46,826 [INFO] WebApp:463 - Apply proxy settings
2025-12-23 22:34:46,829 [INFO] WebApp:508 - Chromium authenticates against Manually configured proxy
2025-12-23 22:34:46,830 [INFO] WebApp:516 - Username used for proxy authentication: 
2025-12-23 22:34:46,968 [INFO] WebApp:225 - Starting web application
2025-12-23 22:34:46,968 [INFO] WebApp:593 - Web application path used /Applications/STM32CubeIDE.app/Contents/Eclipse/plugins/com.st.stm32cube.common.mx_6.15.0.202507011659/db/plugins/mcufinder/reactClient1/index.html
2025-12-23 22:34:47,392 [INFO] WebApp:191 - Connection restablished
2025-12-23 22:34:47,551 [INFO] UserAuth:487 - Internet connection configuration mode: 1
